[0.128s] Invoking command in '/home/keti/.local/share/ov/pkg/isaac_sim-2022.2.1/ros2_workspace/build/isaac_tutorials': CMAKE_PREFIX_PATH=${CMAKE_PREFIX_PATH}:/opt/ros/foxy:/home/keti/.local/share/ov/pkg/isaac_sim-2022.2.1/ros2_workspace/install/isaac_ros_navigation_goal /usr/bin/cmake --build /home/keti/.local/share/ov/pkg/isaac_sim-2022.2.1/ros2_workspace/build/isaac_tutorials -- -j24 -l24
[0.145s] Invoked command in '/home/keti/.local/share/ov/pkg/isaac_sim-2022.2.1/ros2_workspace/build/isaac_tutorials' returned '0': CMAKE_PREFIX_PATH=${CMAKE_PREFIX_PATH}:/opt/ros/foxy:/home/keti/.local/share/ov/pkg/isaac_sim-2022.2.1/ros2_workspace/install/isaac_ros_navigation_goal /usr/bin/cmake --build /home/keti/.local/share/ov/pkg/isaac_sim-2022.2.1/ros2_workspace/build/isaac_tutorials -- -j24 -l24
[0.169s] Invoking command in '/home/keti/.local/share/ov/pkg/isaac_sim-2022.2.1/ros2_workspace/build/isaac_tutorials': CMAKE_PREFIX_PATH=${CMAKE_PREFIX_PATH}:/opt/ros/foxy:/home/keti/.local/share/ov/pkg/isaac_sim-2022.2.1/ros2_workspace/install/isaac_ros_navigation_goal /usr/bin/cmake --install /home/keti/.local/share/ov/pkg/isaac_sim-2022.2.1/ros2_workspace/build/isaac_tutorials
[0.177s] -- Install configuration: ""
[0.177s] -- Execute custom install script
[0.177s] -- Up-to-date symlink: /home/keti/.local/share/ov/pkg/isaac_sim-2022.2.1/ros2_workspace/install/isaac_tutorials/share/isaac_tutorials/rviz2/camera_lidar.rviz
[0.177s] -- Up-to-date symlink: /home/keti/.local/share/ov/pkg/isaac_sim-2022.2.1/ros2_workspace/install/isaac_tutorials/share/isaac_tutorials/rviz2/camera_manual.rviz
[0.177s] -- Up-to-date symlink: /home/keti/.local/share/ov/pkg/isaac_sim-2022.2.1/ros2_workspace/install/isaac_tutorials/share/isaac_tutorials/rviz2/carter_stereo.rviz
[0.178s] -- Up-to-date symlink: /home/keti/.local/share/ov/pkg/isaac_sim-2022.2.1/ros2_workspace/install/isaac_tutorials/share/isaac_tutorials/rviz2/rtx_lidar.rviz
[0.178s] -- Up-to-date symlink: /home/keti/.local/share/ov/pkg/isaac_sim-2022.2.1/ros2_workspace/install/isaac_tutorials/share/isaac_tutorials/rviz2/turtle_stereo.rviz
[0.178s] -- Up-to-date symlink: /home/keti/.local/share/ov/pkg/isaac_sim-2022.2.1/ros2_workspace/install/isaac_tutorials/share/isaac_tutorials/scripts/ros2_publisher.py
[0.178s] -- Up-to-date symlink: /home/keti/.local/share/ov/pkg/isaac_sim-2022.2.1/ros2_workspace/install/isaac_tutorials/lib/isaac_tutorials/ros2_publisher.py
[0.178s] -- Up-to-date symlink: /home/keti/.local/share/ov/pkg/isaac_sim-2022.2.1/ros2_workspace/install/isaac_tutorials/share/ament_index/resource_index/package_run_dependencies/isaac_tutorials
[0.178s] -- Up-to-date symlink: /home/keti/.local/share/ov/pkg/isaac_sim-2022.2.1/ros2_workspace/install/isaac_tutorials/share/ament_index/resource_index/parent_prefix_path/isaac_tutorials
[0.178s] -- Up-to-date symlink: /home/keti/.local/share/ov/pkg/isaac_sim-2022.2.1/ros2_workspace/install/isaac_tutorials/share/isaac_tutorials/environment/ament_prefix_path.sh
[0.178s] -- Up-to-date symlink: /home/keti/.local/share/ov/pkg/isaac_sim-2022.2.1/ros2_workspace/install/isaac_tutorials/share/isaac_tutorials/environment/ament_prefix_path.dsv
[0.178s] -- Up-to-date symlink: /home/keti/.local/share/ov/pkg/isaac_sim-2022.2.1/ros2_workspace/install/isaac_tutorials/share/isaac_tutorials/environment/path.sh
[0.178s] -- Up-to-date symlink: /home/keti/.local/share/ov/pkg/isaac_sim-2022.2.1/ros2_workspace/install/isaac_tutorials/share/isaac_tutorials/environment/path.dsv
[0.178s] -- Up-to-date symlink: /home/keti/.local/share/ov/pkg/isaac_sim-2022.2.1/ros2_workspace/install/isaac_tutorials/share/isaac_tutorials/local_setup.bash
[0.178s] -- Up-to-date symlink: /home/keti/.local/share/ov/pkg/isaac_sim-2022.2.1/ros2_workspace/install/isaac_tutorials/share/isaac_tutorials/local_setup.sh
[0.178s] -- Up-to-date symlink: /home/keti/.local/share/ov/pkg/isaac_sim-2022.2.1/ros2_workspace/install/isaac_tutorials/share/isaac_tutorials/local_setup.zsh
[0.178s] -- Up-to-date symlink: /home/keti/.local/share/ov/pkg/isaac_sim-2022.2.1/ros2_workspace/install/isaac_tutorials/share/isaac_tutorials/local_setup.dsv
[0.178s] -- Symlinking: /home/keti/.local/share/ov/pkg/isaac_sim-2022.2.1/ros2_workspace/install/isaac_tutorials/share/isaac_tutorials/package.dsv
[0.180s] -- Up-to-date symlink: /home/keti/.local/share/ov/pkg/isaac_sim-2022.2.1/ros2_workspace/install/isaac_tutorials/share/ament_index/resource_index/packages/isaac_tutorials
[0.180s] -- Up-to-date symlink: /home/keti/.local/share/ov/pkg/isaac_sim-2022.2.1/ros2_workspace/install/isaac_tutorials/share/isaac_tutorials/cmake/isaac_tutorialsConfig.cmake
[0.180s] -- Up-to-date symlink: /home/keti/.local/share/ov/pkg/isaac_sim-2022.2.1/ros2_workspace/install/isaac_tutorials/share/isaac_tutorials/cmake/isaac_tutorialsConfig-version.cmake
[0.180s] -- Up-to-date symlink: /home/keti/.local/share/ov/pkg/isaac_sim-2022.2.1/ros2_workspace/install/isaac_tutorials/share/isaac_tutorials/package.xml
[0.201s] Invoked command in '/home/keti/.local/share/ov/pkg/isaac_sim-2022.2.1/ros2_workspace/build/isaac_tutorials' returned '0': CMAKE_PREFIX_PATH=${CMAKE_PREFIX_PATH}:/opt/ros/foxy:/home/keti/.local/share/ov/pkg/isaac_sim-2022.2.1/ros2_workspace/install/isaac_ros_navigation_goal /usr/bin/cmake --install /home/keti/.local/share/ov/pkg/isaac_sim-2022.2.1/ros2_workspace/build/isaac_tutorials
