[0.025s] Invoking command in '/home/keti/.local/share/ov/pkg/isaac_sim-2022.2.1/ros2_workspace/build/carter_navigation': CMAKE_PREFIX_PATH=${CMAKE_PREFIX_PATH}:/opt/ros/foxy:/home/keti/.local/share/ov/pkg/isaac_sim-2022.2.1/ros2_workspace/install/isaac_ros_navigation_goal /usr/bin/cmake --build /home/keti/.local/share/ov/pkg/isaac_sim-2022.2.1/ros2_workspace/build/carter_navigation -- -j24 -l24
[0.150s] Invoked command in '/home/keti/.local/share/ov/pkg/isaac_sim-2022.2.1/ros2_workspace/build/carter_navigation' returned '0': CMAKE_PREFIX_PATH=${CMAKE_PREFIX_PATH}:/opt/ros/foxy:/home/keti/.local/share/ov/pkg/isaac_sim-2022.2.1/ros2_workspace/install/isaac_ros_navigation_goal /usr/bin/cmake --build /home/keti/.local/share/ov/pkg/isaac_sim-2022.2.1/ros2_workspace/build/carter_navigation -- -j24 -l24
[0.164s] Invoking command in '/home/keti/.local/share/ov/pkg/isaac_sim-2022.2.1/ros2_workspace/build/carter_navigation': CMAKE_PREFIX_PATH=${CMAKE_PREFIX_PATH}:/opt/ros/foxy:/home/keti/.local/share/ov/pkg/isaac_sim-2022.2.1/ros2_workspace/install/isaac_ros_navigation_goal /usr/bin/cmake --install /home/keti/.local/share/ov/pkg/isaac_sim-2022.2.1/ros2_workspace/build/carter_navigation
[0.168s] -- Install configuration: ""
[0.168s] -- Execute custom install script
[0.168s] -- Up-to-date symlink: /home/keti/.local/share/ov/pkg/isaac_sim-2022.2.1/ros2_workspace/install/carter_navigation/share/carter_navigation/launch/carter_navigation.launch.py
[0.168s] -- Up-to-date symlink: /home/keti/.local/share/ov/pkg/isaac_sim-2022.2.1/ros2_workspace/install/carter_navigation/share/carter_navigation/launch/carter_navigation_individual.launch.py
[0.168s] -- Up-to-date symlink: /home/keti/.local/share/ov/pkg/isaac_sim-2022.2.1/ros2_workspace/install/carter_navigation/share/carter_navigation/launch/multiple_robot_carter_navigation_hospital.launch.py
[0.168s] -- Up-to-date symlink: /home/keti/.local/share/ov/pkg/isaac_sim-2022.2.1/ros2_workspace/install/carter_navigation/share/carter_navigation/launch/multiple_robot_carter_navigation_office.launch.py
[0.168s] -- Up-to-date symlink: /home/keti/.local/share/ov/pkg/isaac_sim-2022.2.1/ros2_workspace/install/carter_navigation/share/carter_navigation/params/carter_navigation_params (copy).yaml
[0.169s] -- Up-to-date symlink: /home/keti/.local/share/ov/pkg/isaac_sim-2022.2.1/ros2_workspace/install/carter_navigation/share/carter_navigation/params/carter_navigation_params.yaml
[0.169s] -- Up-to-date symlink: /home/keti/.local/share/ov/pkg/isaac_sim-2022.2.1/ros2_workspace/install/carter_navigation/share/carter_navigation/params/hospital/multi_robot_carter_navigation_params_1.yaml
[0.169s] -- Up-to-date symlink: /home/keti/.local/share/ov/pkg/isaac_sim-2022.2.1/ros2_workspace/install/carter_navigation/share/carter_navigation/params/hospital/multi_robot_carter_navigation_params_2.yaml
[0.169s] -- Up-to-date symlink: /home/keti/.local/share/ov/pkg/isaac_sim-2022.2.1/ros2_workspace/install/carter_navigation/share/carter_navigation/params/hospital/multi_robot_carter_navigation_params_3.yaml
[0.169s] -- Up-to-date symlink: /home/keti/.local/share/ov/pkg/isaac_sim-2022.2.1/ros2_workspace/install/carter_navigation/share/carter_navigation/params/office/multi_robot_carter_navigation_params_1.yaml
[0.169s] -- Up-to-date symlink: /home/keti/.local/share/ov/pkg/isaac_sim-2022.2.1/ros2_workspace/install/carter_navigation/share/carter_navigation/params/office/multi_robot_carter_navigation_params_2.yaml
[0.169s] -- Up-to-date symlink: /home/keti/.local/share/ov/pkg/isaac_sim-2022.2.1/ros2_workspace/install/carter_navigation/share/carter_navigation/params/office/multi_robot_carter_navigation_params_3.yaml
[0.169s] -- Up-to-date symlink: /home/keti/.local/share/ov/pkg/isaac_sim-2022.2.1/ros2_workspace/install/carter_navigation/share/carter_navigation/maps/carter_hospital_navigation.png
[0.169s] -- Up-to-date symlink: /home/keti/.local/share/ov/pkg/isaac_sim-2022.2.1/ros2_workspace/install/carter_navigation/share/carter_navigation/maps/carter_hospital_navigation.yaml
[0.169s] -- Up-to-date symlink: /home/keti/.local/share/ov/pkg/isaac_sim-2022.2.1/ros2_workspace/install/carter_navigation/share/carter_navigation/maps/carter_office_navigation.png
[0.169s] -- Up-to-date symlink: /home/keti/.local/share/ov/pkg/isaac_sim-2022.2.1/ros2_workspace/install/carter_navigation/share/carter_navigation/maps/carter_office_navigation.yaml
[0.169s] -- Up-to-date symlink: /home/keti/.local/share/ov/pkg/isaac_sim-2022.2.1/ros2_workspace/install/carter_navigation/share/carter_navigation/maps/carter_warehouse_navigation.png
[0.169s] -- Up-to-date symlink: /home/keti/.local/share/ov/pkg/isaac_sim-2022.2.1/ros2_workspace/install/carter_navigation/share/carter_navigation/maps/carter_warehouse_navigation.yaml
[0.170s] -- Up-to-date symlink: /home/keti/.local/share/ov/pkg/isaac_sim-2022.2.1/ros2_workspace/install/carter_navigation/share/carter_navigation/rviz2/carter_navigation.rviz
[0.170s] -- Up-to-date symlink: /home/keti/.local/share/ov/pkg/isaac_sim-2022.2.1/ros2_workspace/install/carter_navigation/share/carter_navigation/rviz2/carter_navigation_namespaced.rviz
[0.170s] -- Up-to-date symlink: /home/keti/.local/share/ov/pkg/isaac_sim-2022.2.1/ros2_workspace/install/carter_navigation/share/ament_index/resource_index/package_run_dependencies/carter_navigation
[0.170s] -- Up-to-date symlink: /home/keti/.local/share/ov/pkg/isaac_sim-2022.2.1/ros2_workspace/install/carter_navigation/share/ament_index/resource_index/parent_prefix_path/carter_navigation
[0.170s] -- Up-to-date symlink: /home/keti/.local/share/ov/pkg/isaac_sim-2022.2.1/ros2_workspace/install/carter_navigation/share/carter_navigation/environment/ament_prefix_path.sh
[0.170s] -- Up-to-date symlink: /home/keti/.local/share/ov/pkg/isaac_sim-2022.2.1/ros2_workspace/install/carter_navigation/share/carter_navigation/environment/ament_prefix_path.dsv
[0.170s] -- Up-to-date symlink: /home/keti/.local/share/ov/pkg/isaac_sim-2022.2.1/ros2_workspace/install/carter_navigation/share/carter_navigation/environment/path.sh
[0.170s] -- Up-to-date symlink: /home/keti/.local/share/ov/pkg/isaac_sim-2022.2.1/ros2_workspace/install/carter_navigation/share/carter_navigation/environment/path.dsv
[0.171s] -- Up-to-date symlink: /home/keti/.local/share/ov/pkg/isaac_sim-2022.2.1/ros2_workspace/install/carter_navigation/share/carter_navigation/local_setup.bash
[0.171s] -- Up-to-date symlink: /home/keti/.local/share/ov/pkg/isaac_sim-2022.2.1/ros2_workspace/install/carter_navigation/share/carter_navigation/local_setup.sh
[0.171s] -- Up-to-date symlink: /home/keti/.local/share/ov/pkg/isaac_sim-2022.2.1/ros2_workspace/install/carter_navigation/share/carter_navigation/local_setup.zsh
[0.171s] -- Up-to-date symlink: /home/keti/.local/share/ov/pkg/isaac_sim-2022.2.1/ros2_workspace/install/carter_navigation/share/carter_navigation/local_setup.dsv
[0.171s] -- Symlinking: /home/keti/.local/share/ov/pkg/isaac_sim-2022.2.1/ros2_workspace/install/carter_navigation/share/carter_navigation/package.dsv
[0.179s] -- Up-to-date symlink: /home/keti/.local/share/ov/pkg/isaac_sim-2022.2.1/ros2_workspace/install/carter_navigation/share/ament_index/resource_index/packages/carter_navigation
[0.180s] -- Up-to-date symlink: /home/keti/.local/share/ov/pkg/isaac_sim-2022.2.1/ros2_workspace/install/carter_navigation/share/carter_navigation/cmake/carter_navigationConfig.cmake
[0.180s] -- Up-to-date symlink: /home/keti/.local/share/ov/pkg/isaac_sim-2022.2.1/ros2_workspace/install/carter_navigation/share/carter_navigation/cmake/carter_navigationConfig-version.cmake
[0.180s] -- Up-to-date symlink: /home/keti/.local/share/ov/pkg/isaac_sim-2022.2.1/ros2_workspace/install/carter_navigation/share/carter_navigation/package.xml
[0.196s] Invoked command in '/home/keti/.local/share/ov/pkg/isaac_sim-2022.2.1/ros2_workspace/build/carter_navigation' returned '0': CMAKE_PREFIX_PATH=${CMAKE_PREFIX_PATH}:/opt/ros/foxy:/home/keti/.local/share/ov/pkg/isaac_sim-2022.2.1/ros2_workspace/install/isaac_ros_navigation_goal /usr/bin/cmake --install /home/keti/.local/share/ov/pkg/isaac_sim-2022.2.1/ros2_workspace/build/carter_navigation
