[0.023s] Invoking command in '/home/keti/.local/share/ov/pkg/isaac_sim-2022.2.1/ros2_workspace/build/isaac_ros2_messages': CMAKE_PREFIX_PATH=${CMAKE_PREFIX_PATH}:/home/keti/.local/share/ov/pkg/isaac_sim-2022.2.1/ros2_workspace/install/isaac_ros_navigation_goal:/opt/ros/foxy /usr/bin/cmake --build /home/keti/.local/share/ov/pkg/isaac_sim-2022.2.1/ros2_workspace/build/isaac_ros2_messages -- -j24 -l24
[0.139s] [  3%] Built target isaac_ros2_messages__cpp
[0.140s] [ 12%] Built target isaac_ros2_messages__rosidl_generator_c
[0.140s] [ 32%] Built target isaac_ros2_messages__rosidl_typesupport_introspection_cpp
[0.141s] [ 32%] Built target isaac_ros2_messages__rosidl_typesupport_cpp
[0.141s] [ 41%] Built target isaac_ros2_messages__rosidl_typesupport_c
[0.141s] [ 51%] Built target isaac_ros2_messages__rosidl_typesupport_introspection_c
[0.142s] [ 54%] [32m[1mLinking CXX shared library libisaac_ros2_messages__rosidl_typesupport_fastrtps_cpp.so[0m
[0.142s] [ 61%] Built target isaac_ros2_messages__rosidl_typesupport_fastrtps_cpp
[0.143s] [ 64%] [32m[1mLinking CXX shared library libisaac_ros2_messages__rosidl_typesupport_fastrtps_c.so[0m
[0.165s] [ 70%] Built target isaac_ros2_messages__rosidl_typesupport_fastrtps_c
[0.175s] [ 70%] Built target isaac_ros2_messages
[0.185s] [ 74%] Built target isaac_ros2_messages__py
[0.191s] [35m[1mScanning dependencies of target isaac_ros2_messages__python[0m
[0.204s] [ 77%] [32mBuilding C object CMakeFiles/isaac_ros2_messages__python.dir/rosidl_generator_py/isaac_ros2_messages/srv/_isaac_pose_s.c.o[0m
[0.259s] [ 80%] [32m[1mLinking C shared library rosidl_generator_py/isaac_ros2_messages/libisaac_ros2_messages__python.so[0m
[0.281s] [ 80%] Built target isaac_ros2_messages__python
[0.287s] [35m[1mScanning dependencies of target isaac_ros2_messages__rosidl_typesupport_introspection_c__pyext[0m
[0.287s] [35m[1mScanning dependencies of target isaac_ros2_messages__rosidl_typesupport_fastrtps_c__pyext[0m
[0.287s] [35m[1mScanning dependencies of target isaac_ros2_messages__rosidl_typesupport_c__pyext[0m
[0.295s] [ 87%] [32mBuilding C object CMakeFiles/isaac_ros2_messages__rosidl_typesupport_introspection_c__pyext.dir/rosidl_generator_py/isaac_ros2_messages/_isaac_ros2_messages_s.ep.rosidl_typesupport_introspection_c.c.o[0m
[0.295s] [ 87%] [32mBuilding C object CMakeFiles/isaac_ros2_messages__rosidl_typesupport_c__pyext.dir/rosidl_generator_py/isaac_ros2_messages/_isaac_ros2_messages_s.ep.rosidl_typesupport_c.c.o[0m
[0.295s] [ 90%] [32mBuilding C object CMakeFiles/isaac_ros2_messages__rosidl_typesupport_fastrtps_c__pyext.dir/rosidl_generator_py/isaac_ros2_messages/_isaac_ros2_messages_s.ep.rosidl_typesupport_fastrtps_c.c.o[0m
[0.332s] [ 96%] [32m[1mLinking C shared library rosidl_generator_py/isaac_ros2_messages/isaac_ros2_messages_s__rosidl_typesupport_c.cpython-38-x86_64-linux-gnu.so[0m
[0.332s] [100%] [32m[1mLinking CXX shared library rosidl_generator_py/isaac_ros2_messages/isaac_ros2_messages_s__rosidl_typesupport_fastrtps_c.cpython-38-x86_64-linux-gnu.so[0m
[0.332s] [100%] [32m[1mLinking C shared library rosidl_generator_py/isaac_ros2_messages/isaac_ros2_messages_s__rosidl_typesupport_introspection_c.cpython-38-x86_64-linux-gnu.so[0m
[0.350s] [100%] Built target isaac_ros2_messages__rosidl_typesupport_introspection_c__pyext
[0.350s] [100%] Built target isaac_ros2_messages__rosidl_typesupport_c__pyext
[0.365s] [100%] Built target isaac_ros2_messages__rosidl_typesupport_fastrtps_c__pyext
[0.371s] Invoked command in '/home/keti/.local/share/ov/pkg/isaac_sim-2022.2.1/ros2_workspace/build/isaac_ros2_messages' returned '0': CMAKE_PREFIX_PATH=${CMAKE_PREFIX_PATH}:/home/keti/.local/share/ov/pkg/isaac_sim-2022.2.1/ros2_workspace/install/isaac_ros_navigation_goal:/opt/ros/foxy /usr/bin/cmake --build /home/keti/.local/share/ov/pkg/isaac_sim-2022.2.1/ros2_workspace/build/isaac_ros2_messages -- -j24 -l24
[0.391s] Invoking command in '/home/keti/.local/share/ov/pkg/isaac_sim-2022.2.1/ros2_workspace/build/isaac_ros2_messages': CMAKE_PREFIX_PATH=${CMAKE_PREFIX_PATH}:/home/keti/.local/share/ov/pkg/isaac_sim-2022.2.1/ros2_workspace/install/isaac_ros_navigation_goal:/opt/ros/foxy /usr/bin/cmake --install /home/keti/.local/share/ov/pkg/isaac_sim-2022.2.1/ros2_workspace/build/isaac_ros2_messages
[0.395s] -- Install configuration: ""
[0.395s] -- Execute custom install script
[0.396s] -- Up-to-date symlink: /home/keti/.local/share/ov/pkg/isaac_sim-2022.2.1/ros2_workspace/install/isaac_ros2_messages/share/ament_index/resource_index/rosidl_interfaces/isaac_ros2_messages
[0.396s] -- Up-to-date symlink: /home/keti/.local/share/ov/pkg/isaac_sim-2022.2.1/ros2_workspace/install/isaac_ros2_messages/include/isaac_ros2_messages/msg/rosidl_generator_c__visibility_control.h
[0.396s] -- Up-to-date symlink: /home/keti/.local/share/ov/pkg/isaac_sim-2022.2.1/ros2_workspace/install/isaac_ros2_messages/include/isaac_ros2_messages/srv/detail/isaac_pose__functions.h
[0.396s] -- Up-to-date symlink: /home/keti/.local/share/ov/pkg/isaac_sim-2022.2.1/ros2_workspace/install/isaac_ros2_messages/include/isaac_ros2_messages/srv/detail/isaac_pose__struct.h
[0.396s] -- Up-to-date symlink: /home/keti/.local/share/ov/pkg/isaac_sim-2022.2.1/ros2_workspace/install/isaac_ros2_messages/include/isaac_ros2_messages/srv/detail/isaac_pose__type_support.h
[0.396s] -- Up-to-date symlink: /home/keti/.local/share/ov/pkg/isaac_sim-2022.2.1/ros2_workspace/install/isaac_ros2_messages/include/isaac_ros2_messages/srv/isaac_pose.h
[0.397s] -- Up-to-date symlink: /home/keti/.local/share/ov/pkg/isaac_sim-2022.2.1/ros2_workspace/install/isaac_ros2_messages/share/isaac_ros2_messages/environment/library_path.sh
[0.397s] -- Up-to-date symlink: /home/keti/.local/share/ov/pkg/isaac_sim-2022.2.1/ros2_workspace/install/isaac_ros2_messages/share/isaac_ros2_messages/environment/library_path.dsv
[0.397s] -- Up-to-date symlink: /home/keti/.local/share/ov/pkg/isaac_sim-2022.2.1/ros2_workspace/install/isaac_ros2_messages/include/isaac_ros2_messages/msg/rosidl_typesupport_fastrtps_c__visibility_control.h
[0.397s] -- Up-to-date symlink: /home/keti/.local/share/ov/pkg/isaac_sim-2022.2.1/ros2_workspace/install/isaac_ros2_messages/include/isaac_ros2_messages/srv/detail/isaac_pose__rosidl_typesupport_fastrtps_c.h
[0.397s] -- Up-to-date symlink: /home/keti/.local/share/ov/pkg/isaac_sim-2022.2.1/ros2_workspace/install/isaac_ros2_messages/lib/libisaac_ros2_messages__rosidl_typesupport_fastrtps_c.so
[0.398s] -- Up-to-date symlink: /home/keti/.local/share/ov/pkg/isaac_sim-2022.2.1/ros2_workspace/install/isaac_ros2_messages/include/isaac_ros2_messages/msg/rosidl_typesupport_fastrtps_cpp__visibility_control.h
[0.398s] -- Up-to-date symlink: /home/keti/.local/share/ov/pkg/isaac_sim-2022.2.1/ros2_workspace/install/isaac_ros2_messages/include/isaac_ros2_messages/srv/detail/isaac_pose__rosidl_typesupport_fastrtps_cpp.hpp
[0.398s] -- Up-to-date symlink: /home/keti/.local/share/ov/pkg/isaac_sim-2022.2.1/ros2_workspace/install/isaac_ros2_messages/lib/libisaac_ros2_messages__rosidl_typesupport_fastrtps_cpp.so
[0.398s] -- Up-to-date symlink: /home/keti/.local/share/ov/pkg/isaac_sim-2022.2.1/ros2_workspace/install/isaac_ros2_messages/include/isaac_ros2_messages/msg/rosidl_typesupport_introspection_c__visibility_control.h
[0.398s] -- Up-to-date symlink: /home/keti/.local/share/ov/pkg/isaac_sim-2022.2.1/ros2_workspace/install/isaac_ros2_messages/include/isaac_ros2_messages/srv/detail/isaac_pose__rosidl_typesupport_introspection_c.h
[0.398s] -- Up-to-date symlink: /home/keti/.local/share/ov/pkg/isaac_sim-2022.2.1/ros2_workspace/install/isaac_ros2_messages/include/isaac_ros2_messages/msg/rosidl_generator_cpp__visibility_control.hpp
[0.398s] -- Up-to-date symlink: /home/keti/.local/share/ov/pkg/isaac_sim-2022.2.1/ros2_workspace/install/isaac_ros2_messages/include/isaac_ros2_messages/srv/detail/isaac_pose__builder.hpp
[0.399s] -- Up-to-date symlink: /home/keti/.local/share/ov/pkg/isaac_sim-2022.2.1/ros2_workspace/install/isaac_ros2_messages/include/isaac_ros2_messages/srv/detail/isaac_pose__struct.hpp
[0.399s] -- Up-to-date symlink: /home/keti/.local/share/ov/pkg/isaac_sim-2022.2.1/ros2_workspace/install/isaac_ros2_messages/include/isaac_ros2_messages/srv/detail/isaac_pose__traits.hpp
[0.399s] -- Up-to-date symlink: /home/keti/.local/share/ov/pkg/isaac_sim-2022.2.1/ros2_workspace/install/isaac_ros2_messages/include/isaac_ros2_messages/srv/detail/isaac_pose__type_support.hpp
[0.399s] -- Up-to-date symlink: /home/keti/.local/share/ov/pkg/isaac_sim-2022.2.1/ros2_workspace/install/isaac_ros2_messages/include/isaac_ros2_messages/srv/isaac_pose.hpp
[0.399s] -- Up-to-date symlink: /home/keti/.local/share/ov/pkg/isaac_sim-2022.2.1/ros2_workspace/install/isaac_ros2_messages/include/isaac_ros2_messages/srv/detail/isaac_pose__rosidl_typesupport_introspection_cpp.hpp
[0.399s] -- Up-to-date symlink: /home/keti/.local/share/ov/pkg/isaac_sim-2022.2.1/ros2_workspace/install/isaac_ros2_messages/share/isaac_ros2_messages/environment/pythonpath.sh
[0.399s] -- Up-to-date symlink: /home/keti/.local/share/ov/pkg/isaac_sim-2022.2.1/ros2_workspace/install/isaac_ros2_messages/share/isaac_ros2_messages/environment/pythonpath.dsv
[0.399s] -- Up-to-date symlink: /home/keti/.local/share/ov/pkg/isaac_sim-2022.2.1/ros2_workspace/install/isaac_ros2_messages/lib/python3.8/site-packages/isaac_ros2_messages/__init__.py
[0.400s] -- Up-to-date symlink: /home/keti/.local/share/ov/pkg/isaac_sim-2022.2.1/ros2_workspace/install/isaac_ros2_messages/lib/python3.8/site-packages/isaac_ros2_messages/srv/__init__.py
[0.400s] -- Up-to-date symlink: /home/keti/.local/share/ov/pkg/isaac_sim-2022.2.1/ros2_workspace/install/isaac_ros2_messages/lib/python3.8/site-packages/isaac_ros2_messages/srv/_isaac_pose.py
[0.400s] -- Up-to-date symlink: /home/keti/.local/share/ov/pkg/isaac_sim-2022.2.1/ros2_workspace/install/isaac_ros2_messages/lib/python3.8/site-packages/isaac_ros2_messages/isaac_ros2_messages_s__rosidl_typesupport_fastrtps_c.cpython-38-x86_64-linux-gnu.so
[0.400s] -- Up-to-date symlink: /home/keti/.local/share/ov/pkg/isaac_sim-2022.2.1/ros2_workspace/install/isaac_ros2_messages/lib/python3.8/site-packages/isaac_ros2_messages/isaac_ros2_messages_s__rosidl_typesupport_introspection_c.cpython-38-x86_64-linux-gnu.so
[0.400s] -- Up-to-date symlink: /home/keti/.local/share/ov/pkg/isaac_sim-2022.2.1/ros2_workspace/install/isaac_ros2_messages/lib/python3.8/site-packages/isaac_ros2_messages/isaac_ros2_messages_s__rosidl_typesupport_c.cpython-38-x86_64-linux-gnu.so
[0.401s] -- Up-to-date symlink: /home/keti/.local/share/ov/pkg/isaac_sim-2022.2.1/ros2_workspace/install/isaac_ros2_messages/lib/libisaac_ros2_messages__python.so
[0.401s] -- Up-to-date symlink: /home/keti/.local/share/ov/pkg/isaac_sim-2022.2.1/ros2_workspace/install/isaac_ros2_messages/share/isaac_ros2_messages/srv/IsaacPose.idl
[0.401s] -- Up-to-date symlink: /home/keti/.local/share/ov/pkg/isaac_sim-2022.2.1/ros2_workspace/install/isaac_ros2_messages/share/isaac_ros2_messages/srv/IsaacPose.srv
[0.401s] -- Up-to-date symlink: /home/keti/.local/share/ov/pkg/isaac_sim-2022.2.1/ros2_workspace/install/isaac_ros2_messages/share/isaac_ros2_messages/srv/IsaacPose_Request.msg
[0.401s] -- Up-to-date symlink: /home/keti/.local/share/ov/pkg/isaac_sim-2022.2.1/ros2_workspace/install/isaac_ros2_messages/share/isaac_ros2_messages/srv/IsaacPose_Response.msg
[0.401s] -- Up-to-date symlink: /home/keti/.local/share/ov/pkg/isaac_sim-2022.2.1/ros2_workspace/install/isaac_ros2_messages/share/ament_index/resource_index/package_run_dependencies/isaac_ros2_messages
[0.401s] -- Up-to-date symlink: /home/keti/.local/share/ov/pkg/isaac_sim-2022.2.1/ros2_workspace/install/isaac_ros2_messages/share/ament_index/resource_index/parent_prefix_path/isaac_ros2_messages
[0.402s] -- Up-to-date symlink: /home/keti/.local/share/ov/pkg/isaac_sim-2022.2.1/ros2_workspace/install/isaac_ros2_messages/share/isaac_ros2_messages/environment/ament_prefix_path.sh
[0.402s] -- Up-to-date symlink: /home/keti/.local/share/ov/pkg/isaac_sim-2022.2.1/ros2_workspace/install/isaac_ros2_messages/share/isaac_ros2_messages/environment/ament_prefix_path.dsv
[0.402s] -- Up-to-date symlink: /home/keti/.local/share/ov/pkg/isaac_sim-2022.2.1/ros2_workspace/install/isaac_ros2_messages/share/isaac_ros2_messages/environment/path.sh
[0.402s] -- Up-to-date symlink: /home/keti/.local/share/ov/pkg/isaac_sim-2022.2.1/ros2_workspace/install/isaac_ros2_messages/share/isaac_ros2_messages/environment/path.dsv
[0.402s] -- Up-to-date symlink: /home/keti/.local/share/ov/pkg/isaac_sim-2022.2.1/ros2_workspace/install/isaac_ros2_messages/share/isaac_ros2_messages/local_setup.bash
[0.402s] -- Up-to-date symlink: /home/keti/.local/share/ov/pkg/isaac_sim-2022.2.1/ros2_workspace/install/isaac_ros2_messages/share/isaac_ros2_messages/local_setup.sh
[0.402s] -- Up-to-date symlink: /home/keti/.local/share/ov/pkg/isaac_sim-2022.2.1/ros2_workspace/install/isaac_ros2_messages/share/isaac_ros2_messages/local_setup.zsh
[0.402s] -- Up-to-date symlink: /home/keti/.local/share/ov/pkg/isaac_sim-2022.2.1/ros2_workspace/install/isaac_ros2_messages/share/isaac_ros2_messages/local_setup.dsv
[0.402s] -- Symlinking: /home/keti/.local/share/ov/pkg/isaac_sim-2022.2.1/ros2_workspace/install/isaac_ros2_messages/share/isaac_ros2_messages/package.dsv
[0.406s] -- Up-to-date symlink: /home/keti/.local/share/ov/pkg/isaac_sim-2022.2.1/ros2_workspace/install/isaac_ros2_messages/share/ament_index/resource_index/packages/isaac_ros2_messages
[0.407s] -- Up-to-date symlink: /home/keti/.local/share/ov/pkg/isaac_sim-2022.2.1/ros2_workspace/install/isaac_ros2_messages/share/isaac_ros2_messages/cmake/rosidl_cmake-extras.cmake
[0.407s] -- Up-to-date symlink: /home/keti/.local/share/ov/pkg/isaac_sim-2022.2.1/ros2_workspace/install/isaac_ros2_messages/share/isaac_ros2_messages/cmake/ament_cmake_export_dependencies-extras.cmake
[0.407s] -- Up-to-date symlink: /home/keti/.local/share/ov/pkg/isaac_sim-2022.2.1/ros2_workspace/install/isaac_ros2_messages/share/isaac_ros2_messages/cmake/ament_cmake_export_libraries-extras.cmake
[0.407s] -- Up-to-date symlink: /home/keti/.local/share/ov/pkg/isaac_sim-2022.2.1/ros2_workspace/install/isaac_ros2_messages/share/isaac_ros2_messages/cmake/ament_cmake_export_targets-extras.cmake
[0.407s] -- Up-to-date symlink: /home/keti/.local/share/ov/pkg/isaac_sim-2022.2.1/ros2_workspace/install/isaac_ros2_messages/share/isaac_ros2_messages/cmake/ament_cmake_export_include_directories-extras.cmake
[0.407s] -- Up-to-date symlink: /home/keti/.local/share/ov/pkg/isaac_sim-2022.2.1/ros2_workspace/install/isaac_ros2_messages/share/isaac_ros2_messages/cmake/rosidl_cmake_export_typesupport_libraries-extras.cmake
[0.407s] -- Up-to-date symlink: /home/keti/.local/share/ov/pkg/isaac_sim-2022.2.1/ros2_workspace/install/isaac_ros2_messages/share/isaac_ros2_messages/cmake/rosidl_cmake_export_typesupport_targets-extras.cmake
[0.407s] -- Up-to-date symlink: /home/keti/.local/share/ov/pkg/isaac_sim-2022.2.1/ros2_workspace/install/isaac_ros2_messages/share/isaac_ros2_messages/cmake/isaac_ros2_messagesConfig.cmake
[0.408s] -- Up-to-date symlink: /home/keti/.local/share/ov/pkg/isaac_sim-2022.2.1/ros2_workspace/install/isaac_ros2_messages/share/isaac_ros2_messages/cmake/isaac_ros2_messagesConfig-version.cmake
[0.408s] -- Up-to-date symlink: /home/keti/.local/share/ov/pkg/isaac_sim-2022.2.1/ros2_workspace/install/isaac_ros2_messages/share/isaac_ros2_messages/package.xml
[0.408s] -- Up-to-date: /home/keti/.local/share/ov/pkg/isaac_sim-2022.2.1/ros2_workspace/install/isaac_ros2_messages/lib/libisaac_ros2_messages__rosidl_generator_c.so
[0.408s] -- Up-to-date: /home/keti/.local/share/ov/pkg/isaac_sim-2022.2.1/ros2_workspace/install/isaac_ros2_messages/lib/libisaac_ros2_messages__rosidl_typesupport_introspection_c.so
[0.409s] -- Up-to-date: /home/keti/.local/share/ov/pkg/isaac_sim-2022.2.1/ros2_workspace/install/isaac_ros2_messages/lib/libisaac_ros2_messages__rosidl_typesupport_c.so
[0.409s] -- Up-to-date: /home/keti/.local/share/ov/pkg/isaac_sim-2022.2.1/ros2_workspace/install/isaac_ros2_messages/lib/libisaac_ros2_messages__rosidl_typesupport_introspection_cpp.so
[0.409s] -- Up-to-date: /home/keti/.local/share/ov/pkg/isaac_sim-2022.2.1/ros2_workspace/install/isaac_ros2_messages/lib/libisaac_ros2_messages__rosidl_typesupport_cpp.so
[0.426s] -- Up-to-date: /home/keti/.local/share/ov/pkg/isaac_sim-2022.2.1/ros2_workspace/install/isaac_ros2_messages/share/isaac_ros2_messages/cmake/isaac_ros2_messages__rosidl_generator_cExport.cmake
[0.426s] -- Up-to-date: /home/keti/.local/share/ov/pkg/isaac_sim-2022.2.1/ros2_workspace/install/isaac_ros2_messages/share/isaac_ros2_messages/cmake/isaac_ros2_messages__rosidl_generator_cExport-noconfig.cmake
[0.426s] -- Up-to-date: /home/keti/.local/share/ov/pkg/isaac_sim-2022.2.1/ros2_workspace/install/isaac_ros2_messages/share/isaac_ros2_messages/cmake/isaac_ros2_messages__rosidl_typesupport_introspection_cExport.cmake
[0.426s] -- Up-to-date: /home/keti/.local/share/ov/pkg/isaac_sim-2022.2.1/ros2_workspace/install/isaac_ros2_messages/share/isaac_ros2_messages/cmake/isaac_ros2_messages__rosidl_typesupport_introspection_cExport-noconfig.cmake
[0.426s] -- Up-to-date: /home/keti/.local/share/ov/pkg/isaac_sim-2022.2.1/ros2_workspace/install/isaac_ros2_messages/share/isaac_ros2_messages/cmake/isaac_ros2_messages__rosidl_typesupport_cExport.cmake
[0.426s] -- Up-to-date: /home/keti/.local/share/ov/pkg/isaac_sim-2022.2.1/ros2_workspace/install/isaac_ros2_messages/share/isaac_ros2_messages/cmake/isaac_ros2_messages__rosidl_typesupport_cExport-noconfig.cmake
[0.426s] -- Up-to-date: /home/keti/.local/share/ov/pkg/isaac_sim-2022.2.1/ros2_workspace/install/isaac_ros2_messages/share/isaac_ros2_messages/cmake/isaac_ros2_messages__rosidl_generator_cppExport.cmake
[0.426s] -- Up-to-date: /home/keti/.local/share/ov/pkg/isaac_sim-2022.2.1/ros2_workspace/install/isaac_ros2_messages/share/isaac_ros2_messages/cmake/isaac_ros2_messages__rosidl_typesupport_introspection_cppExport.cmake
[0.426s] -- Up-to-date: /home/keti/.local/share/ov/pkg/isaac_sim-2022.2.1/ros2_workspace/install/isaac_ros2_messages/share/isaac_ros2_messages/cmake/isaac_ros2_messages__rosidl_typesupport_introspection_cppExport-noconfig.cmake
[0.426s] -- Up-to-date: /home/keti/.local/share/ov/pkg/isaac_sim-2022.2.1/ros2_workspace/install/isaac_ros2_messages/share/isaac_ros2_messages/cmake/isaac_ros2_messages__rosidl_typesupport_cppExport.cmake
[0.426s] -- Up-to-date: /home/keti/.local/share/ov/pkg/isaac_sim-2022.2.1/ros2_workspace/install/isaac_ros2_messages/share/isaac_ros2_messages/cmake/isaac_ros2_messages__rosidl_typesupport_cppExport-noconfig.cmake
[0.428s] Invoked command in '/home/keti/.local/share/ov/pkg/isaac_sim-2022.2.1/ros2_workspace/build/isaac_ros2_messages' returned '0': CMAKE_PREFIX_PATH=${CMAKE_PREFIX_PATH}:/home/keti/.local/share/ov/pkg/isaac_sim-2022.2.1/ros2_workspace/install/isaac_ros_navigation_goal:/opt/ros/foxy /usr/bin/cmake --install /home/keti/.local/share/ov/pkg/isaac_sim-2022.2.1/ros2_workspace/build/isaac_ros2_messages
