[0.034s] Invoking command in '/home/keti/.local/share/ov/pkg/isaac_sim-2022.2.1/ros2_workspace/build/carter_description': CMAKE_PREFIX_PATH=${CMAKE_PREFIX_PATH}:/opt/ros/foxy:/home/keti/.local/share/ov/pkg/isaac_sim-2022.2.1/ros2_workspace/install/isaac_ros_navigation_goal /usr/bin/cmake /home/keti/.local/share/ov/pkg/isaac_sim-2022.2.1/ros2_workspace/src/navigation/carter_description -DAMENT_CMAKE_SYMLINK_INSTALL=1 -DCMAKE_INSTALL_PREFIX=/home/keti/.local/share/ov/pkg/isaac_sim-2022.2.1/ros2_workspace/install/carter_description
[0.156s] -- The C compiler identification is GNU 9.4.0
[0.156s] -- The CXX compiler identification is GNU 9.4.0
[0.157s] -- Check for working C compiler: /usr/bin/cc
[0.176s] -- Check for working C compiler: /usr/bin/cc -- works
[0.176s] -- Detecting C compiler ABI info
[0.215s] -- Detecting C compiler ABI info - done
[0.223s] -- Detecting C compile features
[0.224s] -- Detecting C compile features - done
[0.225s] -- Check for working CXX compiler: /usr/bin/c++
[0.266s] -- Check for working CXX compiler: /usr/bin/c++ -- works
[0.267s] -- Detecting CXX compiler ABI info
[0.308s] -- Detecting CXX compiler ABI info - done
[0.313s] -- Detecting CXX compile features
[0.313s] -- Detecting CXX compile features - done
[0.315s] -- Found ament_cmake: 0.9.12 (/opt/ros/foxy/share/ament_cmake/cmake)
[0.330s] -- Found PythonInterp: /usr/bin/python3 (found suitable version "3.8.10", minimum required is "3") 
[0.330s] -- Using PYTHON_EXECUTABLE: /usr/bin/python3
[0.417s] -- Override CMake install command with custom implementation using symlinks instead of copying resources
[0.433s] -- Found ament_lint_auto: 0.9.8 (/opt/ros/foxy/share/ament_lint_auto/cmake)
[0.476s] -- Added test 'copyright' to check source files copyright and LICENSE
[0.477s] -- Added test 'lint_cmake' to check CMake code style
[0.477s] -- Added test 'xmllint' to check XML markup files
[0.478s] -- Configuring done
[0.479s] -- Generating done
[0.480s] -- Build files have been written to: /home/keti/.local/share/ov/pkg/isaac_sim-2022.2.1/ros2_workspace/build/carter_description
[0.482s] Invoked command in '/home/keti/.local/share/ov/pkg/isaac_sim-2022.2.1/ros2_workspace/build/carter_description' returned '0': CMAKE_PREFIX_PATH=${CMAKE_PREFIX_PATH}:/opt/ros/foxy:/home/keti/.local/share/ov/pkg/isaac_sim-2022.2.1/ros2_workspace/install/isaac_ros_navigation_goal /usr/bin/cmake /home/keti/.local/share/ov/pkg/isaac_sim-2022.2.1/ros2_workspace/src/navigation/carter_description -DAMENT_CMAKE_SYMLINK_INSTALL=1 -DCMAKE_INSTALL_PREFIX=/home/keti/.local/share/ov/pkg/isaac_sim-2022.2.1/ros2_workspace/install/carter_description
[0.483s] Invoking command in '/home/keti/.local/share/ov/pkg/isaac_sim-2022.2.1/ros2_workspace/build/carter_description': CMAKE_PREFIX_PATH=${CMAKE_PREFIX_PATH}:/opt/ros/foxy:/home/keti/.local/share/ov/pkg/isaac_sim-2022.2.1/ros2_workspace/install/isaac_ros_navigation_goal /usr/bin/cmake --build /home/keti/.local/share/ov/pkg/isaac_sim-2022.2.1/ros2_workspace/build/carter_description -- -j24 -l24
[0.503s] Invoked command in '/home/keti/.local/share/ov/pkg/isaac_sim-2022.2.1/ros2_workspace/build/carter_description' returned '0': CMAKE_PREFIX_PATH=${CMAKE_PREFIX_PATH}:/opt/ros/foxy:/home/keti/.local/share/ov/pkg/isaac_sim-2022.2.1/ros2_workspace/install/isaac_ros_navigation_goal /usr/bin/cmake --build /home/keti/.local/share/ov/pkg/isaac_sim-2022.2.1/ros2_workspace/build/carter_description -- -j24 -l24
[0.516s] Invoking command in '/home/keti/.local/share/ov/pkg/isaac_sim-2022.2.1/ros2_workspace/build/carter_description': CMAKE_PREFIX_PATH=${CMAKE_PREFIX_PATH}:/opt/ros/foxy:/home/keti/.local/share/ov/pkg/isaac_sim-2022.2.1/ros2_workspace/install/isaac_ros_navigation_goal /usr/bin/cmake --install /home/keti/.local/share/ov/pkg/isaac_sim-2022.2.1/ros2_workspace/build/carter_description
[0.521s] -- Install configuration: ""
[0.521s] -- Execute custom install script
[0.521s] -- Symlinking: /home/keti/.local/share/ov/pkg/isaac_sim-2022.2.1/ros2_workspace/install/carter_description/share/carter_description/urdf/carter.urdf
[0.526s] -- Symlinking: /home/keti/.local/share/ov/pkg/isaac_sim-2022.2.1/ros2_workspace/install/carter_description/share/carter_description/urdf/meshes/caster_wheel.obj
[0.531s] -- Symlinking: /home/keti/.local/share/ov/pkg/isaac_sim-2022.2.1/ros2_workspace/install/carter_description/share/carter_description/urdf/meshes/chassis.obj
[0.535s] -- Symlinking: /home/keti/.local/share/ov/pkg/isaac_sim-2022.2.1/ros2_workspace/install/carter_description/share/carter_description/urdf/meshes/pivot.obj
[0.540s] -- Symlinking: /home/keti/.local/share/ov/pkg/isaac_sim-2022.2.1/ros2_workspace/install/carter_description/share/carter_description/urdf/meshes/side_wheel.obj
[0.544s] -- Symlinking: /home/keti/.local/share/ov/pkg/isaac_sim-2022.2.1/ros2_workspace/install/carter_description/share/ament_index/resource_index/package_run_dependencies/carter_description
[0.550s] -- Symlinking: /home/keti/.local/share/ov/pkg/isaac_sim-2022.2.1/ros2_workspace/install/carter_description/share/ament_index/resource_index/parent_prefix_path/carter_description
[0.554s] -- Symlinking: /home/keti/.local/share/ov/pkg/isaac_sim-2022.2.1/ros2_workspace/install/carter_description/share/carter_description/environment/ament_prefix_path.sh
[0.559s] -- Symlinking: /home/keti/.local/share/ov/pkg/isaac_sim-2022.2.1/ros2_workspace/install/carter_description/share/carter_description/environment/ament_prefix_path.dsv
[0.564s] -- Symlinking: /home/keti/.local/share/ov/pkg/isaac_sim-2022.2.1/ros2_workspace/install/carter_description/share/carter_description/environment/path.sh
[0.568s] -- Symlinking: /home/keti/.local/share/ov/pkg/isaac_sim-2022.2.1/ros2_workspace/install/carter_description/share/carter_description/environment/path.dsv
[0.576s] -- Symlinking: /home/keti/.local/share/ov/pkg/isaac_sim-2022.2.1/ros2_workspace/install/carter_description/share/carter_description/local_setup.bash
[0.581s] -- Symlinking: /home/keti/.local/share/ov/pkg/isaac_sim-2022.2.1/ros2_workspace/install/carter_description/share/carter_description/local_setup.sh
[0.585s] -- Symlinking: /home/keti/.local/share/ov/pkg/isaac_sim-2022.2.1/ros2_workspace/install/carter_description/share/carter_description/local_setup.zsh
[0.590s] -- Symlinking: /home/keti/.local/share/ov/pkg/isaac_sim-2022.2.1/ros2_workspace/install/carter_description/share/carter_description/local_setup.dsv
[0.595s] -- Symlinking: /home/keti/.local/share/ov/pkg/isaac_sim-2022.2.1/ros2_workspace/install/carter_description/share/carter_description/package.dsv
[0.599s] -- Symlinking: /home/keti/.local/share/ov/pkg/isaac_sim-2022.2.1/ros2_workspace/install/carter_description/share/ament_index/resource_index/packages/carter_description
[0.604s] -- Symlinking: /home/keti/.local/share/ov/pkg/isaac_sim-2022.2.1/ros2_workspace/install/carter_description/share/carter_description/cmake/carter_descriptionConfig.cmake
[0.608s] -- Symlinking: /home/keti/.local/share/ov/pkg/isaac_sim-2022.2.1/ros2_workspace/install/carter_description/share/carter_description/cmake/carter_descriptionConfig-version.cmake
[0.613s] -- Symlinking: /home/keti/.local/share/ov/pkg/isaac_sim-2022.2.1/ros2_workspace/install/carter_description/share/carter_description/package.xml
[0.619s] Invoked command in '/home/keti/.local/share/ov/pkg/isaac_sim-2022.2.1/ros2_workspace/build/carter_description' returned '0': CMAKE_PREFIX_PATH=${CMAKE_PREFIX_PATH}:/opt/ros/foxy:/home/keti/.local/share/ov/pkg/isaac_sim-2022.2.1/ros2_workspace/install/isaac_ros_navigation_goal /usr/bin/cmake --install /home/keti/.local/share/ov/pkg/isaac_sim-2022.2.1/ros2_workspace/build/carter_description
