[0.154s] DEBUG:colcon:Command line arguments: ['/usr/bin/colcon', 'build', '--symlink-install']
[0.154s] DEBUG:colcon:Parsed command line arguments: Namespace(allow_overriding=[], ament_cmake_args=None, base_paths=['.'], build_base='build', catkin_cmake_args=None, catkin_skip_building_tests=False, cmake_args=None, cmake_clean_cache=False, cmake_clean_first=False, cmake_force_configure=False, cmake_target=None, cmake_target_skip_unavailable=False, continue_on_error=False, event_handlers=None, executor='parallel', ignore_user_meta=False, install_base='install', log_base=None, log_level=None, main=<bound method BuildVerb.main of <colcon_core.verb.build.BuildVerb object at 0x7fb4c723b790>>, merge_install=False, metas=['./colcon.meta'], packages_above=None, packages_above_and_dependencies=None, packages_above_depth=None, packages_end=None, packages_ignore=None, packages_ignore_regex=None, packages_select=None, packages_select_build_failed=False, packages_select_by_dep=None, packages_select_regex=None, packages_select_test_failures=False, packages_skip=None, packages_skip_build_finished=False, packages_skip_by_dep=None, packages_skip_regex=None, packages_skip_test_passed=False, packages_skip_up_to=None, packages_start=None, packages_up_to=None, packages_up_to_regex=None, parallel_workers=24, paths=None, symlink_install=True, test_result_base=None, verb_extension=<colcon_core.verb.build.BuildVerb object at 0x7fb4c723b790>, verb_name='build', verb_parser=<colcon_defaults.argument_parser.defaults.DefaultArgumentsDecorator object at 0x7fb4c723bd00>)
[0.170s] Level 1:colcon.colcon_core.package_discovery:discover_packages(colcon_meta) check parameters
[0.170s] Level 1:colcon.colcon_core.package_discovery:discover_packages(recursive) check parameters
[0.170s] Level 1:colcon.colcon_core.package_discovery:discover_packages(ignore) check parameters
[0.170s] Level 1:colcon.colcon_core.package_discovery:discover_packages(path) check parameters
[0.170s] Level 1:colcon.colcon_core.package_discovery:discover_packages(colcon_meta) discover
[0.170s] Level 1:colcon.colcon_core.package_discovery:discover_packages(recursive) discover
[0.170s] INFO:colcon.colcon_core.package_discovery:Crawling recursively for packages in '/home/keti/.local/share/ov/pkg/isaac_sim-2022.2.1/ros2_workspace'
[0.170s] Level 1:colcon.colcon_core.package_identification:_identify(.) by extensions ['ignore', 'ignore_ament_install']
[0.170s] Level 1:colcon.colcon_core.package_identification:_identify(.) by extension 'ignore'
[0.170s] Level 1:colcon.colcon_core.package_identification:_identify(.) by extension 'ignore_ament_install'
[0.170s] Level 1:colcon.colcon_core.package_identification:_identify(.) by extensions ['colcon_pkg']
[0.170s] Level 1:colcon.colcon_core.package_identification:_identify(.) by extension 'colcon_pkg'
[0.170s] Level 1:colcon.colcon_core.package_identification:_identify(.) by extensions ['colcon_meta']
[0.170s] Level 1:colcon.colcon_core.package_identification:_identify(.) by extension 'colcon_meta'
[0.170s] Level 1:colcon.colcon_core.package_identification:_identify(.) by extensions ['ros']
[0.170s] Level 1:colcon.colcon_core.package_identification:_identify(.) by extension 'ros'
[0.176s] Level 1:colcon.colcon_core.package_identification:_identify(.) by extensions ['cmake', 'python']
[0.176s] Level 1:colcon.colcon_core.package_identification:_identify(.) by extension 'cmake'
[0.176s] Level 1:colcon.colcon_core.package_identification:_identify(.) by extension 'python'
[0.176s] Level 1:colcon.colcon_core.package_identification:_identify(.) by extensions ['python_setup_py']
[0.176s] Level 1:colcon.colcon_core.package_identification:_identify(.) by extension 'python_setup_py'
[0.176s] Level 1:colcon.colcon_core.package_identification:_identify(build) by extensions ['ignore', 'ignore_ament_install']
[0.176s] Level 1:colcon.colcon_core.package_identification:_identify(build) by extension 'ignore'
[0.176s] Level 1:colcon.colcon_core.package_identification:_identify(build) ignored
[0.176s] Level 1:colcon.colcon_core.package_identification:_identify(install) by extensions ['ignore', 'ignore_ament_install']
[0.176s] Level 1:colcon.colcon_core.package_identification:_identify(install) by extension 'ignore'
[0.176s] Level 1:colcon.colcon_core.package_identification:_identify(install) ignored
[0.176s] Level 1:colcon.colcon_core.package_identification:_identify(log) by extensions ['ignore', 'ignore_ament_install']
[0.176s] Level 1:colcon.colcon_core.package_identification:_identify(log) by extension 'ignore'
[0.176s] Level 1:colcon.colcon_core.package_identification:_identify(log) ignored
[0.176s] Level 1:colcon.colcon_core.package_identification:_identify(src) by extensions ['ignore', 'ignore_ament_install']
[0.176s] Level 1:colcon.colcon_core.package_identification:_identify(src) by extension 'ignore'
[0.176s] Level 1:colcon.colcon_core.package_identification:_identify(src) by extension 'ignore_ament_install'
[0.176s] Level 1:colcon.colcon_core.package_identification:_identify(src) by extensions ['colcon_pkg']
[0.176s] Level 1:colcon.colcon_core.package_identification:_identify(src) by extension 'colcon_pkg'
[0.176s] Level 1:colcon.colcon_core.package_identification:_identify(src) by extensions ['colcon_meta']
[0.176s] Level 1:colcon.colcon_core.package_identification:_identify(src) by extension 'colcon_meta'
[0.176s] Level 1:colcon.colcon_core.package_identification:_identify(src) by extensions ['ros']
[0.176s] Level 1:colcon.colcon_core.package_identification:_identify(src) by extension 'ros'
[0.176s] Level 1:colcon.colcon_core.package_identification:_identify(src) by extensions ['cmake', 'python']
[0.176s] Level 1:colcon.colcon_core.package_identification:_identify(src) by extension 'cmake'
[0.176s] Level 1:colcon.colcon_core.package_identification:_identify(src) by extension 'python'
[0.176s] Level 1:colcon.colcon_core.package_identification:_identify(src) by extensions ['python_setup_py']
[0.176s] Level 1:colcon.colcon_core.package_identification:_identify(src) by extension 'python_setup_py'
[0.176s] Level 1:colcon.colcon_core.package_identification:_identify(src/isaac_ros2_messages) by extensions ['ignore', 'ignore_ament_install']
[0.176s] Level 1:colcon.colcon_core.package_identification:_identify(src/isaac_ros2_messages) by extension 'ignore'
[0.176s] Level 1:colcon.colcon_core.package_identification:_identify(src/isaac_ros2_messages) by extension 'ignore_ament_install'
[0.176s] Level 1:colcon.colcon_core.package_identification:_identify(src/isaac_ros2_messages) by extensions ['colcon_pkg']
[0.176s] Level 1:colcon.colcon_core.package_identification:_identify(src/isaac_ros2_messages) by extension 'colcon_pkg'
[0.176s] Level 1:colcon.colcon_core.package_identification:_identify(src/isaac_ros2_messages) by extensions ['colcon_meta']
[0.176s] Level 1:colcon.colcon_core.package_identification:_identify(src/isaac_ros2_messages) by extension 'colcon_meta'
[0.176s] Level 1:colcon.colcon_core.package_identification:_identify(src/isaac_ros2_messages) by extensions ['ros']
[0.176s] Level 1:colcon.colcon_core.package_identification:_identify(src/isaac_ros2_messages) by extension 'ros'
[0.178s] DEBUG:colcon.colcon_core.package_identification:Package 'src/isaac_ros2_messages' with type 'ros.ament_cmake' and name 'isaac_ros2_messages'
[0.178s] Level 1:colcon.colcon_core.package_identification:_identify(src/isaac_tutorials) by extensions ['ignore', 'ignore_ament_install']
[0.178s] Level 1:colcon.colcon_core.package_identification:_identify(src/isaac_tutorials) by extension 'ignore'
[0.178s] Level 1:colcon.colcon_core.package_identification:_identify(src/isaac_tutorials) by extension 'ignore_ament_install'
[0.178s] Level 1:colcon.colcon_core.package_identification:_identify(src/isaac_tutorials) by extensions ['colcon_pkg']
[0.178s] Level 1:colcon.colcon_core.package_identification:_identify(src/isaac_tutorials) by extension 'colcon_pkg'
[0.178s] Level 1:colcon.colcon_core.package_identification:_identify(src/isaac_tutorials) by extensions ['colcon_meta']
[0.178s] Level 1:colcon.colcon_core.package_identification:_identify(src/isaac_tutorials) by extension 'colcon_meta'
[0.178s] Level 1:colcon.colcon_core.package_identification:_identify(src/isaac_tutorials) by extensions ['ros']
[0.178s] Level 1:colcon.colcon_core.package_identification:_identify(src/isaac_tutorials) by extension 'ros'
[0.178s] DEBUG:colcon.colcon_core.package_identification:Package 'src/isaac_tutorials' with type 'ros.ament_cmake' and name 'isaac_tutorials'
[0.178s] Level 1:colcon.colcon_core.package_identification:_identify(src/navigation) by extensions ['ignore', 'ignore_ament_install']
[0.178s] Level 1:colcon.colcon_core.package_identification:_identify(src/navigation) by extension 'ignore'
[0.178s] Level 1:colcon.colcon_core.package_identification:_identify(src/navigation) by extension 'ignore_ament_install'
[0.178s] Level 1:colcon.colcon_core.package_identification:_identify(src/navigation) by extensions ['colcon_pkg']
[0.178s] Level 1:colcon.colcon_core.package_identification:_identify(src/navigation) by extension 'colcon_pkg'
[0.178s] Level 1:colcon.colcon_core.package_identification:_identify(src/navigation) by extensions ['colcon_meta']
[0.178s] Level 1:colcon.colcon_core.package_identification:_identify(src/navigation) by extension 'colcon_meta'
[0.178s] Level 1:colcon.colcon_core.package_identification:_identify(src/navigation) by extensions ['ros']
[0.178s] Level 1:colcon.colcon_core.package_identification:_identify(src/navigation) by extension 'ros'
[0.178s] Level 1:colcon.colcon_core.package_identification:_identify(src/navigation) by extensions ['cmake', 'python']
[0.178s] Level 1:colcon.colcon_core.package_identification:_identify(src/navigation) by extension 'cmake'
[0.178s] Level 1:colcon.colcon_core.package_identification:_identify(src/navigation) by extension 'python'
[0.178s] Level 1:colcon.colcon_core.package_identification:_identify(src/navigation) by extensions ['python_setup_py']
[0.178s] Level 1:colcon.colcon_core.package_identification:_identify(src/navigation) by extension 'python_setup_py'
[0.178s] Level 1:colcon.colcon_core.package_identification:_identify(src/navigation/carter_description) by extensions ['ignore', 'ignore_ament_install']
[0.178s] Level 1:colcon.colcon_core.package_identification:_identify(src/navigation/carter_description) by extension 'ignore'
[0.178s] Level 1:colcon.colcon_core.package_identification:_identify(src/navigation/carter_description) by extension 'ignore_ament_install'
[0.178s] Level 1:colcon.colcon_core.package_identification:_identify(src/navigation/carter_description) by extensions ['colcon_pkg']
[0.178s] Level 1:colcon.colcon_core.package_identification:_identify(src/navigation/carter_description) by extension 'colcon_pkg'
[0.179s] Level 1:colcon.colcon_core.package_identification:_identify(src/navigation/carter_description) by extensions ['colcon_meta']
[0.179s] Level 1:colcon.colcon_core.package_identification:_identify(src/navigation/carter_description) by extension 'colcon_meta'
[0.179s] Level 1:colcon.colcon_core.package_identification:_identify(src/navigation/carter_description) by extensions ['ros']
[0.179s] Level 1:colcon.colcon_core.package_identification:_identify(src/navigation/carter_description) by extension 'ros'
[0.179s] DEBUG:colcon.colcon_core.package_identification:Package 'src/navigation/carter_description' with type 'ros.ament_cmake' and name 'carter_description'
[0.179s] Level 1:colcon.colcon_core.package_identification:_identify(src/navigation/carter_navigation) by extensions ['ignore', 'ignore_ament_install']
[0.179s] Level 1:colcon.colcon_core.package_identification:_identify(src/navigation/carter_navigation) by extension 'ignore'
[0.179s] Level 1:colcon.colcon_core.package_identification:_identify(src/navigation/carter_navigation) by extension 'ignore_ament_install'
[0.179s] Level 1:colcon.colcon_core.package_identification:_identify(src/navigation/carter_navigation) by extensions ['colcon_pkg']
[0.179s] Level 1:colcon.colcon_core.package_identification:_identify(src/navigation/carter_navigation) by extension 'colcon_pkg'
[0.179s] Level 1:colcon.colcon_core.package_identification:_identify(src/navigation/carter_navigation) by extensions ['colcon_meta']
[0.179s] Level 1:colcon.colcon_core.package_identification:_identify(src/navigation/carter_navigation) by extension 'colcon_meta'
[0.179s] Level 1:colcon.colcon_core.package_identification:_identify(src/navigation/carter_navigation) by extensions ['ros']
[0.179s] Level 1:colcon.colcon_core.package_identification:_identify(src/navigation/carter_navigation) by extension 'ros'
[0.179s] DEBUG:colcon.colcon_core.package_identification:Package 'src/navigation/carter_navigation' with type 'ros.ament_cmake' and name 'carter_navigation'
[0.179s] Level 1:colcon.colcon_core.package_identification:_identify(src/navigation/isaac_ros_navigation_goal) by extensions ['ignore', 'ignore_ament_install']
[0.179s] Level 1:colcon.colcon_core.package_identification:_identify(src/navigation/isaac_ros_navigation_goal) by extension 'ignore'
[0.179s] Level 1:colcon.colcon_core.package_identification:_identify(src/navigation/isaac_ros_navigation_goal) by extension 'ignore_ament_install'
[0.179s] Level 1:colcon.colcon_core.package_identification:_identify(src/navigation/isaac_ros_navigation_goal) by extensions ['colcon_pkg']
[0.179s] Level 1:colcon.colcon_core.package_identification:_identify(src/navigation/isaac_ros_navigation_goal) by extension 'colcon_pkg'
[0.180s] Level 1:colcon.colcon_core.package_identification:_identify(src/navigation/isaac_ros_navigation_goal) by extensions ['colcon_meta']
[0.180s] Level 1:colcon.colcon_core.package_identification:_identify(src/navigation/isaac_ros_navigation_goal) by extension 'colcon_meta'
[0.180s] Level 1:colcon.colcon_core.package_identification:_identify(src/navigation/isaac_ros_navigation_goal) by extensions ['ros']
[0.180s] Level 1:colcon.colcon_core.package_identification:_identify(src/navigation/isaac_ros_navigation_goal) by extension 'ros'
[0.180s] DEBUG:colcon.colcon_core.package_identification:Package 'src/navigation/isaac_ros_navigation_goal' with type 'ros.ament_python' and name 'isaac_ros_navigation_goal'
[0.180s] Level 1:colcon.colcon_core.package_discovery:discover_packages(recursive) using defaults
[0.180s] Level 1:colcon.colcon_core.package_discovery:discover_packages(ignore) discover
[0.180s] Level 1:colcon.colcon_core.package_discovery:discover_packages(ignore) using defaults
[0.180s] Level 1:colcon.colcon_core.package_discovery:discover_packages(path) discover
[0.180s] Level 1:colcon.colcon_core.package_discovery:discover_packages(path) using defaults
[0.192s] Level 1:colcon.colcon_core.package_discovery:discover_packages(prefix_path) check parameters
[0.192s] Level 1:colcon.colcon_core.package_discovery:discover_packages(prefix_path) discover
[0.193s] WARNING:colcon.colcon_ros.prefix_path.ament:The path '/home/keti/.local/share/ov/pkg/isaac_sim-2022.2.1/ros2_workspace/install/isaac_tutorials' in the environment variable AMENT_PREFIX_PATH doesn't exist
[0.193s] WARNING:colcon.colcon_ros.prefix_path.ament:The path '/home/keti/.local/share/ov/pkg/isaac_sim-2022.2.1/ros2_workspace/install/isaac_ros_navigation_goal' in the environment variable AMENT_PREFIX_PATH doesn't exist
[0.193s] WARNING:colcon.colcon_ros.prefix_path.ament:The path '/home/keti/.local/share/ov/pkg/isaac_sim-2022.2.1/ros2_workspace/install/isaac_ros2_messages' in the environment variable AMENT_PREFIX_PATH doesn't exist
[0.193s] WARNING:colcon.colcon_ros.prefix_path.ament:The path '/home/keti/.local/share/ov/pkg/isaac_sim-2022.2.1/ros2_workspace/install/carter_navigation' in the environment variable AMENT_PREFIX_PATH doesn't exist
[0.193s] WARNING:colcon.colcon_ros.prefix_path.ament:The path '/home/keti/.local/share/ov/pkg/isaac_sim-2022.2.1/ros2_workspace/install/carter_description' in the environment variable AMENT_PREFIX_PATH doesn't exist
[0.193s] WARNING:colcon.colcon_ros.prefix_path.catkin:The path '/home/keti/.local/share/ov/pkg/isaac_sim-2022.2.1/ros2_workspace/install/isaac_tutorials' in the environment variable CMAKE_PREFIX_PATH doesn't exist
[0.193s] WARNING:colcon.colcon_ros.prefix_path.catkin:The path '/home/keti/.local/share/ov/pkg/isaac_sim-2022.2.1/ros2_workspace/install/isaac_ros2_messages' in the environment variable CMAKE_PREFIX_PATH doesn't exist
[0.193s] WARNING:colcon.colcon_ros.prefix_path.catkin:The path '/home/keti/.local/share/ov/pkg/isaac_sim-2022.2.1/ros2_workspace/install/carter_navigation' in the environment variable CMAKE_PREFIX_PATH doesn't exist
[0.193s] WARNING:colcon.colcon_ros.prefix_path.catkin:The path '/home/keti/.local/share/ov/pkg/isaac_sim-2022.2.1/ros2_workspace/install/carter_description' in the environment variable CMAKE_PREFIX_PATH doesn't exist
[0.194s] DEBUG:colcon.colcon_installed_package_information.package_discovery:Found 0 installed packages in /home/keti/.local/share/ov/pkg/isaac_sim-2022.2.1/ros2_workspace/install
[0.195s] DEBUG:colcon.colcon_installed_package_information.package_discovery:Found 354 installed packages in /opt/ros/foxy
[0.196s] Level 1:colcon.colcon_core.package_discovery:discover_packages(prefix_path) using defaults
[0.221s] Level 5:colcon.colcon_core.verb:set package 'carter_description' build argument 'cmake_args' from command line to 'None'
[0.221s] Level 5:colcon.colcon_core.verb:set package 'carter_description' build argument 'cmake_target' from command line to 'None'
[0.221s] Level 5:colcon.colcon_core.verb:set package 'carter_description' build argument 'cmake_target_skip_unavailable' from command line to 'False'
[0.221s] Level 5:colcon.colcon_core.verb:set package 'carter_description' build argument 'cmake_clean_cache' from command line to 'False'
[0.221s] Level 5:colcon.colcon_core.verb:set package 'carter_description' build argument 'cmake_clean_first' from command line to 'False'
[0.221s] Level 5:colcon.colcon_core.verb:set package 'carter_description' build argument 'cmake_force_configure' from command line to 'False'
[0.221s] Level 5:colcon.colcon_core.verb:set package 'carter_description' build argument 'ament_cmake_args' from command line to 'None'
[0.221s] Level 5:colcon.colcon_core.verb:set package 'carter_description' build argument 'catkin_cmake_args' from command line to 'None'
[0.221s] Level 5:colcon.colcon_core.verb:set package 'carter_description' build argument 'catkin_skip_building_tests' from command line to 'False'
[0.221s] DEBUG:colcon.colcon_core.verb:Building package 'carter_description' with the following arguments: {'ament_cmake_args': None, 'build_base': '/home/keti/.local/share/ov/pkg/isaac_sim-2022.2.1/ros2_workspace/build/carter_description', 'catkin_cmake_args': None, 'catkin_skip_building_tests': False, 'cmake_args': None, 'cmake_clean_cache': False, 'cmake_clean_first': False, 'cmake_force_configure': False, 'cmake_target': None, 'cmake_target_skip_unavailable': False, 'install_base': '/home/keti/.local/share/ov/pkg/isaac_sim-2022.2.1/ros2_workspace/install/carter_description', 'merge_install': False, 'path': '/home/keti/.local/share/ov/pkg/isaac_sim-2022.2.1/ros2_workspace/src/navigation/carter_description', 'symlink_install': True, 'test_result_base': None}
[0.222s] Level 5:colcon.colcon_core.verb:set package 'carter_navigation' build argument 'cmake_args' from command line to 'None'
[0.222s] Level 5:colcon.colcon_core.verb:set package 'carter_navigation' build argument 'cmake_target' from command line to 'None'
[0.222s] Level 5:colcon.colcon_core.verb:set package 'carter_navigation' build argument 'cmake_target_skip_unavailable' from command line to 'False'
[0.222s] Level 5:colcon.colcon_core.verb:set package 'carter_navigation' build argument 'cmake_clean_cache' from command line to 'False'
[0.222s] Level 5:colcon.colcon_core.verb:set package 'carter_navigation' build argument 'cmake_clean_first' from command line to 'False'
[0.222s] Level 5:colcon.colcon_core.verb:set package 'carter_navigation' build argument 'cmake_force_configure' from command line to 'False'
[0.222s] Level 5:colcon.colcon_core.verb:set package 'carter_navigation' build argument 'ament_cmake_args' from command line to 'None'
[0.222s] Level 5:colcon.colcon_core.verb:set package 'carter_navigation' build argument 'catkin_cmake_args' from command line to 'None'
[0.222s] Level 5:colcon.colcon_core.verb:set package 'carter_navigation' build argument 'catkin_skip_building_tests' from command line to 'False'
[0.222s] DEBUG:colcon.colcon_core.verb:Building package 'carter_navigation' with the following arguments: {'ament_cmake_args': None, 'build_base': '/home/keti/.local/share/ov/pkg/isaac_sim-2022.2.1/ros2_workspace/build/carter_navigation', 'catkin_cmake_args': None, 'catkin_skip_building_tests': False, 'cmake_args': None, 'cmake_clean_cache': False, 'cmake_clean_first': False, 'cmake_force_configure': False, 'cmake_target': None, 'cmake_target_skip_unavailable': False, 'install_base': '/home/keti/.local/share/ov/pkg/isaac_sim-2022.2.1/ros2_workspace/install/carter_navigation', 'merge_install': False, 'path': '/home/keti/.local/share/ov/pkg/isaac_sim-2022.2.1/ros2_workspace/src/navigation/carter_navigation', 'symlink_install': True, 'test_result_base': None}
[0.222s] Level 5:colcon.colcon_core.verb:set package 'isaac_ros2_messages' build argument 'cmake_args' from command line to 'None'
[0.222s] Level 5:colcon.colcon_core.verb:set package 'isaac_ros2_messages' build argument 'cmake_target' from command line to 'None'
[0.222s] Level 5:colcon.colcon_core.verb:set package 'isaac_ros2_messages' build argument 'cmake_target_skip_unavailable' from command line to 'False'
[0.222s] Level 5:colcon.colcon_core.verb:set package 'isaac_ros2_messages' build argument 'cmake_clean_cache' from command line to 'False'
[0.222s] Level 5:colcon.colcon_core.verb:set package 'isaac_ros2_messages' build argument 'cmake_clean_first' from command line to 'False'
[0.222s] Level 5:colcon.colcon_core.verb:set package 'isaac_ros2_messages' build argument 'cmake_force_configure' from command line to 'False'
[0.222s] Level 5:colcon.colcon_core.verb:set package 'isaac_ros2_messages' build argument 'ament_cmake_args' from command line to 'None'
[0.222s] Level 5:colcon.colcon_core.verb:set package 'isaac_ros2_messages' build argument 'catkin_cmake_args' from command line to 'None'
[0.222s] Level 5:colcon.colcon_core.verb:set package 'isaac_ros2_messages' build argument 'catkin_skip_building_tests' from command line to 'False'
[0.222s] DEBUG:colcon.colcon_core.verb:Building package 'isaac_ros2_messages' with the following arguments: {'ament_cmake_args': None, 'build_base': '/home/keti/.local/share/ov/pkg/isaac_sim-2022.2.1/ros2_workspace/build/isaac_ros2_messages', 'catkin_cmake_args': None, 'catkin_skip_building_tests': False, 'cmake_args': None, 'cmake_clean_cache': False, 'cmake_clean_first': False, 'cmake_force_configure': False, 'cmake_target': None, 'cmake_target_skip_unavailable': False, 'install_base': '/home/keti/.local/share/ov/pkg/isaac_sim-2022.2.1/ros2_workspace/install/isaac_ros2_messages', 'merge_install': False, 'path': '/home/keti/.local/share/ov/pkg/isaac_sim-2022.2.1/ros2_workspace/src/isaac_ros2_messages', 'symlink_install': True, 'test_result_base': None}
[0.223s] Level 5:colcon.colcon_core.verb:set package 'isaac_ros_navigation_goal' build argument 'cmake_args' from command line to 'None'
[0.223s] Level 5:colcon.colcon_core.verb:set package 'isaac_ros_navigation_goal' build argument 'cmake_target' from command line to 'None'
[0.223s] Level 5:colcon.colcon_core.verb:set package 'isaac_ros_navigation_goal' build argument 'cmake_target_skip_unavailable' from command line to 'False'
[0.223s] Level 5:colcon.colcon_core.verb:set package 'isaac_ros_navigation_goal' build argument 'cmake_clean_cache' from command line to 'False'
[0.223s] Level 5:colcon.colcon_core.verb:set package 'isaac_ros_navigation_goal' build argument 'cmake_clean_first' from command line to 'False'
[0.223s] Level 5:colcon.colcon_core.verb:set package 'isaac_ros_navigation_goal' build argument 'cmake_force_configure' from command line to 'False'
[0.223s] Level 5:colcon.colcon_core.verb:set package 'isaac_ros_navigation_goal' build argument 'ament_cmake_args' from command line to 'None'
[0.223s] Level 5:colcon.colcon_core.verb:set package 'isaac_ros_navigation_goal' build argument 'catkin_cmake_args' from command line to 'None'
[0.223s] Level 5:colcon.colcon_core.verb:set package 'isaac_ros_navigation_goal' build argument 'catkin_skip_building_tests' from command line to 'False'
[0.223s] DEBUG:colcon.colcon_core.verb:Building package 'isaac_ros_navigation_goal' with the following arguments: {'ament_cmake_args': None, 'build_base': '/home/keti/.local/share/ov/pkg/isaac_sim-2022.2.1/ros2_workspace/build/isaac_ros_navigation_goal', 'catkin_cmake_args': None, 'catkin_skip_building_tests': False, 'cmake_args': None, 'cmake_clean_cache': False, 'cmake_clean_first': False, 'cmake_force_configure': False, 'cmake_target': None, 'cmake_target_skip_unavailable': False, 'install_base': '/home/keti/.local/share/ov/pkg/isaac_sim-2022.2.1/ros2_workspace/install/isaac_ros_navigation_goal', 'merge_install': False, 'path': '/home/keti/.local/share/ov/pkg/isaac_sim-2022.2.1/ros2_workspace/src/navigation/isaac_ros_navigation_goal', 'symlink_install': True, 'test_result_base': None}
[0.224s] Level 5:colcon.colcon_core.verb:set package 'isaac_tutorials' build argument 'cmake_args' from command line to 'None'
[0.224s] Level 5:colcon.colcon_core.verb:set package 'isaac_tutorials' build argument 'cmake_target' from command line to 'None'
[0.224s] Level 5:colcon.colcon_core.verb:set package 'isaac_tutorials' build argument 'cmake_target_skip_unavailable' from command line to 'False'
[0.224s] Level 5:colcon.colcon_core.verb:set package 'isaac_tutorials' build argument 'cmake_clean_cache' from command line to 'False'
[0.224s] Level 5:colcon.colcon_core.verb:set package 'isaac_tutorials' build argument 'cmake_clean_first' from command line to 'False'
[0.224s] Level 5:colcon.colcon_core.verb:set package 'isaac_tutorials' build argument 'cmake_force_configure' from command line to 'False'
[0.224s] Level 5:colcon.colcon_core.verb:set package 'isaac_tutorials' build argument 'ament_cmake_args' from command line to 'None'
[0.224s] Level 5:colcon.colcon_core.verb:set package 'isaac_tutorials' build argument 'catkin_cmake_args' from command line to 'None'
[0.224s] Level 5:colcon.colcon_core.verb:set package 'isaac_tutorials' build argument 'catkin_skip_building_tests' from command line to 'False'
[0.224s] DEBUG:colcon.colcon_core.verb:Building package 'isaac_tutorials' with the following arguments: {'ament_cmake_args': None, 'build_base': '/home/keti/.local/share/ov/pkg/isaac_sim-2022.2.1/ros2_workspace/build/isaac_tutorials', 'catkin_cmake_args': None, 'catkin_skip_building_tests': False, 'cmake_args': None, 'cmake_clean_cache': False, 'cmake_clean_first': False, 'cmake_force_configure': False, 'cmake_target': None, 'cmake_target_skip_unavailable': False, 'install_base': '/home/keti/.local/share/ov/pkg/isaac_sim-2022.2.1/ros2_workspace/install/isaac_tutorials', 'merge_install': False, 'path': '/home/keti/.local/share/ov/pkg/isaac_sim-2022.2.1/ros2_workspace/src/isaac_tutorials', 'symlink_install': True, 'test_result_base': None}
[0.225s] INFO:colcon.colcon_core.executor:Executing jobs using 'parallel' executor
[0.228s] DEBUG:colcon.colcon_parallel_executor.executor.parallel:run_until_complete
[0.228s] INFO:colcon.colcon_ros.task.ament_cmake.build:Building ROS package in '/home/keti/.local/share/ov/pkg/isaac_sim-2022.2.1/ros2_workspace/src/navigation/carter_description' with build type 'ament_cmake'
[0.228s] INFO:colcon.colcon_cmake.task.cmake.build:Building CMake package in '/home/keti/.local/share/ov/pkg/isaac_sim-2022.2.1/ros2_workspace/src/navigation/carter_description'
[0.231s] INFO:colcon.colcon_core.plugin_system:Skipping extension 'colcon_core.shell.bat': Not used on non-Windows systems
[0.231s] INFO:colcon.colcon_core.shell:Skip shell extension 'powershell' for command environment: Not usable outside of PowerShell
[0.231s] DEBUG:colcon.colcon_core.shell:Skip shell extension 'dsv' for command environment
[0.235s] INFO:colcon.colcon_ros.task.ament_cmake.build:Building ROS package in '/home/keti/.local/share/ov/pkg/isaac_sim-2022.2.1/ros2_workspace/src/navigation/carter_navigation' with build type 'ament_cmake'
[0.235s] INFO:colcon.colcon_cmake.task.cmake.build:Building CMake package in '/home/keti/.local/share/ov/pkg/isaac_sim-2022.2.1/ros2_workspace/src/navigation/carter_navigation'
[0.238s] INFO:colcon.colcon_core.shell:Skip shell extension 'powershell' for command environment: Not usable outside of PowerShell
[0.238s] DEBUG:colcon.colcon_core.shell:Skip shell extension 'dsv' for command environment
[0.243s] INFO:colcon.colcon_ros.task.ament_cmake.build:Building ROS package in '/home/keti/.local/share/ov/pkg/isaac_sim-2022.2.1/ros2_workspace/src/isaac_ros2_messages' with build type 'ament_cmake'
[0.243s] INFO:colcon.colcon_cmake.task.cmake.build:Building CMake package in '/home/keti/.local/share/ov/pkg/isaac_sim-2022.2.1/ros2_workspace/src/isaac_ros2_messages'
[0.246s] INFO:colcon.colcon_core.shell:Skip shell extension 'powershell' for command environment: Not usable outside of PowerShell
[0.246s] DEBUG:colcon.colcon_core.shell:Skip shell extension 'dsv' for command environment
[0.249s] INFO:colcon.colcon_ros.task.ament_python.build:Building ROS package in '/home/keti/.local/share/ov/pkg/isaac_sim-2022.2.1/ros2_workspace/src/navigation/isaac_ros_navigation_goal' with build type 'ament_python'
[0.249s] Level 1:colcon.colcon_core.shell:create_environment_hook('isaac_ros_navigation_goal', 'ament_prefix_path')
[0.250s] INFO:colcon.colcon_core.shell:Creating environment hook '/home/keti/.local/share/ov/pkg/isaac_sim-2022.2.1/ros2_workspace/install/isaac_ros_navigation_goal/share/isaac_ros_navigation_goal/hook/ament_prefix_path.ps1'
[0.251s] INFO:colcon.colcon_core.shell:Creating environment descriptor '/home/keti/.local/share/ov/pkg/isaac_sim-2022.2.1/ros2_workspace/install/isaac_ros_navigation_goal/share/isaac_ros_navigation_goal/hook/ament_prefix_path.dsv'
[0.251s] INFO:colcon.colcon_core.shell:Creating environment hook '/home/keti/.local/share/ov/pkg/isaac_sim-2022.2.1/ros2_workspace/install/isaac_ros_navigation_goal/share/isaac_ros_navigation_goal/hook/ament_prefix_path.sh'
[0.252s] INFO:colcon.colcon_core.shell:Skip shell extension 'powershell' for command environment: Not usable outside of PowerShell
[0.252s] DEBUG:colcon.colcon_core.shell:Skip shell extension 'dsv' for command environment
[0.255s] INFO:colcon.colcon_ros.task.ament_cmake.build:Building ROS package in '/home/keti/.local/share/ov/pkg/isaac_sim-2022.2.1/ros2_workspace/src/isaac_tutorials' with build type 'ament_cmake'
[0.255s] INFO:colcon.colcon_cmake.task.cmake.build:Building CMake package in '/home/keti/.local/share/ov/pkg/isaac_sim-2022.2.1/ros2_workspace/src/isaac_tutorials'
[0.256s] INFO:colcon.colcon_core.shell:Skip shell extension 'powershell' for command environment: Not usable outside of PowerShell
[0.257s] DEBUG:colcon.colcon_core.shell:Skip shell extension 'dsv' for command environment
[0.262s] DEBUG:colcon.colcon_core.event_handler.log_command:Invoking command in '/home/keti/.local/share/ov/pkg/isaac_sim-2022.2.1/ros2_workspace/build/carter_description': CMAKE_PREFIX_PATH=${CMAKE_PREFIX_PATH}:/opt/ros/foxy:/home/keti/.local/share/ov/pkg/isaac_sim-2022.2.1/ros2_workspace/install/isaac_ros_navigation_goal /usr/bin/cmake /home/keti/.local/share/ov/pkg/isaac_sim-2022.2.1/ros2_workspace/src/navigation/carter_description -DAMENT_CMAKE_SYMLINK_INSTALL=1 -DCMAKE_INSTALL_PREFIX=/home/keti/.local/share/ov/pkg/isaac_sim-2022.2.1/ros2_workspace/install/carter_description
[0.264s] DEBUG:colcon.colcon_core.event_handler.log_command:Invoking command in '/home/keti/.local/share/ov/pkg/isaac_sim-2022.2.1/ros2_workspace/build/carter_navigation': CMAKE_PREFIX_PATH=${CMAKE_PREFIX_PATH}:/opt/ros/foxy:/home/keti/.local/share/ov/pkg/isaac_sim-2022.2.1/ros2_workspace/install/isaac_ros_navigation_goal /usr/bin/cmake /home/keti/.local/share/ov/pkg/isaac_sim-2022.2.1/ros2_workspace/src/navigation/carter_navigation -DAMENT_CMAKE_SYMLINK_INSTALL=1 -DCMAKE_INSTALL_PREFIX=/home/keti/.local/share/ov/pkg/isaac_sim-2022.2.1/ros2_workspace/install/carter_navigation
[0.266s] DEBUG:colcon.colcon_core.event_handler.log_command:Invoking command in '/home/keti/.local/share/ov/pkg/isaac_sim-2022.2.1/ros2_workspace/build/isaac_ros2_messages': CMAKE_PREFIX_PATH=${CMAKE_PREFIX_PATH}:/opt/ros/foxy:/home/keti/.local/share/ov/pkg/isaac_sim-2022.2.1/ros2_workspace/install/isaac_ros_navigation_goal /usr/bin/cmake /home/keti/.local/share/ov/pkg/isaac_sim-2022.2.1/ros2_workspace/src/isaac_ros2_messages -DAMENT_CMAKE_SYMLINK_INSTALL=1 -DCMAKE_INSTALL_PREFIX=/home/keti/.local/share/ov/pkg/isaac_sim-2022.2.1/ros2_workspace/install/isaac_ros2_messages
[0.374s] INFO:colcon.colcon_core.task.python.build:Building Python package in '/home/keti/.local/share/ov/pkg/isaac_sim-2022.2.1/ros2_workspace/src/navigation/isaac_ros_navigation_goal'
[0.377s] INFO:colcon.colcon_core.shell:Skip shell extension 'powershell' for command environment: Not usable outside of PowerShell
[0.377s] DEBUG:colcon.colcon_core.shell:Skip shell extension 'dsv' for command environment
[0.389s] DEBUG:colcon.colcon_core.event_handler.log_command:Invoking command in '/home/keti/.local/share/ov/pkg/isaac_sim-2022.2.1/ros2_workspace/build/isaac_tutorials': CMAKE_PREFIX_PATH=${CMAKE_PREFIX_PATH}:/opt/ros/foxy:/home/keti/.local/share/ov/pkg/isaac_sim-2022.2.1/ros2_workspace/install/isaac_ros_navigation_goal /usr/bin/cmake /home/keti/.local/share/ov/pkg/isaac_sim-2022.2.1/ros2_workspace/src/isaac_tutorials -DAMENT_CMAKE_SYMLINK_INSTALL=1 -DCMAKE_INSTALL_PREFIX=/home/keti/.local/share/ov/pkg/isaac_sim-2022.2.1/ros2_workspace/install/isaac_tutorials
[0.636s] DEBUG:colcon.colcon_core.event_handler.log_command:Invoking command in '/home/keti/.local/share/ov/pkg/isaac_sim-2022.2.1/ros2_workspace/build/isaac_ros_navigation_goal': PYTHONPATH=/home/keti/.local/share/ov/pkg/isaac_sim-2022.2.1/ros2_workspace/build/isaac_ros_navigation_goal/prefix_override:/home/keti/.local/share/ov/pkg/isaac_sim-2022.2.1/ros2_workspace/install/isaac_ros_navigation_goal/lib/python3.8/site-packages:${PYTHONPATH} /usr/bin/python3 setup.py develop --editable --build-directory /home/keti/.local/share/ov/pkg/isaac_sim-2022.2.1/ros2_workspace/build/isaac_ros_navigation_goal/build --no-deps install_data
[0.696s] DEBUG:colcon.colcon_core.event_handler.log_command:Invoked command in '/home/keti/.local/share/ov/pkg/isaac_sim-2022.2.1/ros2_workspace/build/carter_navigation' returned '0': CMAKE_PREFIX_PATH=${CMAKE_PREFIX_PATH}:/opt/ros/foxy:/home/keti/.local/share/ov/pkg/isaac_sim-2022.2.1/ros2_workspace/install/isaac_ros_navigation_goal /usr/bin/cmake /home/keti/.local/share/ov/pkg/isaac_sim-2022.2.1/ros2_workspace/src/navigation/carter_navigation -DAMENT_CMAKE_SYMLINK_INSTALL=1 -DCMAKE_INSTALL_PREFIX=/home/keti/.local/share/ov/pkg/isaac_sim-2022.2.1/ros2_workspace/install/carter_navigation
[0.698s] DEBUG:colcon.colcon_core.event_handler.log_command:Invoking command in '/home/keti/.local/share/ov/pkg/isaac_sim-2022.2.1/ros2_workspace/build/carter_navigation': CMAKE_PREFIX_PATH=${CMAKE_PREFIX_PATH}:/opt/ros/foxy:/home/keti/.local/share/ov/pkg/isaac_sim-2022.2.1/ros2_workspace/install/isaac_ros_navigation_goal /usr/bin/cmake --build /home/keti/.local/share/ov/pkg/isaac_sim-2022.2.1/ros2_workspace/build/carter_navigation -- -j24 -l24
[0.710s] DEBUG:colcon.colcon_core.event_handler.log_command:Invoked command in '/home/keti/.local/share/ov/pkg/isaac_sim-2022.2.1/ros2_workspace/build/carter_description' returned '0': CMAKE_PREFIX_PATH=${CMAKE_PREFIX_PATH}:/opt/ros/foxy:/home/keti/.local/share/ov/pkg/isaac_sim-2022.2.1/ros2_workspace/install/isaac_ros_navigation_goal /usr/bin/cmake /home/keti/.local/share/ov/pkg/isaac_sim-2022.2.1/ros2_workspace/src/navigation/carter_description -DAMENT_CMAKE_SYMLINK_INSTALL=1 -DCMAKE_INSTALL_PREFIX=/home/keti/.local/share/ov/pkg/isaac_sim-2022.2.1/ros2_workspace/install/carter_description
[0.712s] DEBUG:colcon.colcon_core.event_handler.log_command:Invoking command in '/home/keti/.local/share/ov/pkg/isaac_sim-2022.2.1/ros2_workspace/build/carter_description': CMAKE_PREFIX_PATH=${CMAKE_PREFIX_PATH}:/opt/ros/foxy:/home/keti/.local/share/ov/pkg/isaac_sim-2022.2.1/ros2_workspace/install/isaac_ros_navigation_goal /usr/bin/cmake --build /home/keti/.local/share/ov/pkg/isaac_sim-2022.2.1/ros2_workspace/build/carter_description -- -j24 -l24
[0.721s] DEBUG:colcon.colcon_core.event_handler.log_command:Invoked command in '/home/keti/.local/share/ov/pkg/isaac_sim-2022.2.1/ros2_workspace/build/carter_navigation' returned '0': CMAKE_PREFIX_PATH=${CMAKE_PREFIX_PATH}:/opt/ros/foxy:/home/keti/.local/share/ov/pkg/isaac_sim-2022.2.1/ros2_workspace/install/isaac_ros_navigation_goal /usr/bin/cmake --build /home/keti/.local/share/ov/pkg/isaac_sim-2022.2.1/ros2_workspace/build/carter_navigation -- -j24 -l24
[0.731s] DEBUG:colcon.colcon_core.event_handler.log_command:Invoked command in '/home/keti/.local/share/ov/pkg/isaac_sim-2022.2.1/ros2_workspace/build/carter_description' returned '0': CMAKE_PREFIX_PATH=${CMAKE_PREFIX_PATH}:/opt/ros/foxy:/home/keti/.local/share/ov/pkg/isaac_sim-2022.2.1/ros2_workspace/install/isaac_ros_navigation_goal /usr/bin/cmake --build /home/keti/.local/share/ov/pkg/isaac_sim-2022.2.1/ros2_workspace/build/carter_description -- -j24 -l24
[0.740s] DEBUG:colcon.colcon_core.event_handler.log_command:Invoking command in '/home/keti/.local/share/ov/pkg/isaac_sim-2022.2.1/ros2_workspace/build/carter_navigation': CMAKE_PREFIX_PATH=${CMAKE_PREFIX_PATH}:/opt/ros/foxy:/home/keti/.local/share/ov/pkg/isaac_sim-2022.2.1/ros2_workspace/install/isaac_ros_navigation_goal /usr/bin/cmake --install /home/keti/.local/share/ov/pkg/isaac_sim-2022.2.1/ros2_workspace/build/carter_navigation
[0.744s] DEBUG:colcon.colcon_core.event_handler.log_command:Invoking command in '/home/keti/.local/share/ov/pkg/isaac_sim-2022.2.1/ros2_workspace/build/carter_description': CMAKE_PREFIX_PATH=${CMAKE_PREFIX_PATH}:/opt/ros/foxy:/home/keti/.local/share/ov/pkg/isaac_sim-2022.2.1/ros2_workspace/install/isaac_ros_navigation_goal /usr/bin/cmake --install /home/keti/.local/share/ov/pkg/isaac_sim-2022.2.1/ros2_workspace/build/carter_description
[0.784s] DEBUG:colcon.colcon_core.event_handler.log_command:Invoked command in '/home/keti/.local/share/ov/pkg/isaac_sim-2022.2.1/ros2_workspace/build/isaac_tutorials' returned '0': CMAKE_PREFIX_PATH=${CMAKE_PREFIX_PATH}:/opt/ros/foxy:/home/keti/.local/share/ov/pkg/isaac_sim-2022.2.1/ros2_workspace/install/isaac_ros_navigation_goal /usr/bin/cmake /home/keti/.local/share/ov/pkg/isaac_sim-2022.2.1/ros2_workspace/src/isaac_tutorials -DAMENT_CMAKE_SYMLINK_INSTALL=1 -DCMAKE_INSTALL_PREFIX=/home/keti/.local/share/ov/pkg/isaac_sim-2022.2.1/ros2_workspace/install/isaac_tutorials
[0.786s] DEBUG:colcon.colcon_core.event_handler.log_command:Invoking command in '/home/keti/.local/share/ov/pkg/isaac_sim-2022.2.1/ros2_workspace/build/isaac_tutorials': CMAKE_PREFIX_PATH=${CMAKE_PREFIX_PATH}:/opt/ros/foxy:/home/keti/.local/share/ov/pkg/isaac_sim-2022.2.1/ros2_workspace/install/isaac_ros_navigation_goal /usr/bin/cmake --build /home/keti/.local/share/ov/pkg/isaac_sim-2022.2.1/ros2_workspace/build/isaac_tutorials -- -j24 -l24
[0.807s] DEBUG:colcon.colcon_core.event_handler.log_command:Invoked command in '/home/keti/.local/share/ov/pkg/isaac_sim-2022.2.1/ros2_workspace/build/isaac_tutorials' returned '0': CMAKE_PREFIX_PATH=${CMAKE_PREFIX_PATH}:/opt/ros/foxy:/home/keti/.local/share/ov/pkg/isaac_sim-2022.2.1/ros2_workspace/install/isaac_ros_navigation_goal /usr/bin/cmake --build /home/keti/.local/share/ov/pkg/isaac_sim-2022.2.1/ros2_workspace/build/isaac_tutorials -- -j24 -l24
[0.821s] DEBUG:colcon.colcon_core.event_handler.log_command:Invoking command in '/home/keti/.local/share/ov/pkg/isaac_sim-2022.2.1/ros2_workspace/build/isaac_tutorials': CMAKE_PREFIX_PATH=${CMAKE_PREFIX_PATH}:/opt/ros/foxy:/home/keti/.local/share/ov/pkg/isaac_sim-2022.2.1/ros2_workspace/install/isaac_ros_navigation_goal /usr/bin/cmake --install /home/keti/.local/share/ov/pkg/isaac_sim-2022.2.1/ros2_workspace/build/isaac_tutorials
[0.847s] Level 1:colcon.colcon_core.environment:create_environment_scripts_only(carter_description)
[0.848s] DEBUG:colcon.colcon_core.event_handler.log_command:Invoked command in '/home/keti/.local/share/ov/pkg/isaac_sim-2022.2.1/ros2_workspace/build/carter_description' returned '0': CMAKE_PREFIX_PATH=${CMAKE_PREFIX_PATH}:/opt/ros/foxy:/home/keti/.local/share/ov/pkg/isaac_sim-2022.2.1/ros2_workspace/install/isaac_ros_navigation_goal /usr/bin/cmake --install /home/keti/.local/share/ov/pkg/isaac_sim-2022.2.1/ros2_workspace/build/carter_description
[0.855s] Level 1:colcon.colcon_core.environment:checking '/home/keti/.local/share/ov/pkg/isaac_sim-2022.2.1/ros2_workspace/install/carter_description' for CMake module files
[0.855s] Level 1:colcon.colcon_core.environment:checking '/home/keti/.local/share/ov/pkg/isaac_sim-2022.2.1/ros2_workspace/install/carter_description' for CMake config files
[0.855s] Level 1:colcon.colcon_core.shell:create_environment_hook('carter_description', 'cmake_prefix_path')
[0.856s] INFO:colcon.colcon_core.shell:Creating environment hook '/home/keti/.local/share/ov/pkg/isaac_sim-2022.2.1/ros2_workspace/install/carter_description/share/carter_description/hook/cmake_prefix_path.ps1'
[0.857s] INFO:colcon.colcon_core.shell:Creating environment descriptor '/home/keti/.local/share/ov/pkg/isaac_sim-2022.2.1/ros2_workspace/install/carter_description/share/carter_description/hook/cmake_prefix_path.dsv'
[0.857s] INFO:colcon.colcon_core.shell:Creating environment hook '/home/keti/.local/share/ov/pkg/isaac_sim-2022.2.1/ros2_workspace/install/carter_description/share/carter_description/hook/cmake_prefix_path.sh'
[0.857s] Level 1:colcon.colcon_core.environment:checking '/home/keti/.local/share/ov/pkg/isaac_sim-2022.2.1/ros2_workspace/install/carter_description/bin'
[0.858s] Level 1:colcon.colcon_core.environment:checking '/home/keti/.local/share/ov/pkg/isaac_sim-2022.2.1/ros2_workspace/install/carter_description/lib/pkgconfig/carter_description.pc'
[0.858s] Level 1:colcon.colcon_core.environment:checking '/home/keti/.local/share/ov/pkg/isaac_sim-2022.2.1/ros2_workspace/install/carter_description/lib/python3.8/site-packages'
[0.858s] Level 1:colcon.colcon_core.environment:checking '/home/keti/.local/share/ov/pkg/isaac_sim-2022.2.1/ros2_workspace/install/carter_description/bin'
[0.859s] INFO:colcon.colcon_core.shell:Creating package script '/home/keti/.local/share/ov/pkg/isaac_sim-2022.2.1/ros2_workspace/install/carter_description/share/carter_description/package.ps1'
[0.860s] INFO:colcon.colcon_core.shell:Creating package descriptor '/home/keti/.local/share/ov/pkg/isaac_sim-2022.2.1/ros2_workspace/install/carter_description/share/carter_description/package.dsv'
[0.860s] INFO:colcon.colcon_core.shell:Creating package script '/home/keti/.local/share/ov/pkg/isaac_sim-2022.2.1/ros2_workspace/install/carter_description/share/carter_description/package.sh'
[0.860s] INFO:colcon.colcon_core.shell:Creating package script '/home/keti/.local/share/ov/pkg/isaac_sim-2022.2.1/ros2_workspace/install/carter_description/share/carter_description/package.bash'
[0.860s] INFO:colcon.colcon_core.shell:Creating package script '/home/keti/.local/share/ov/pkg/isaac_sim-2022.2.1/ros2_workspace/install/carter_description/share/carter_description/package.zsh'
[0.861s] Level 1:colcon.colcon_core.environment:create_file_with_runtime_dependencies(/home/keti/.local/share/ov/pkg/isaac_sim-2022.2.1/ros2_workspace/install/carter_description/share/colcon-core/packages/carter_description)
[0.864s] Level 1:colcon.colcon_core.shell:create_environment_hook('isaac_ros_navigation_goal', 'pythonpath_develop')
[0.867s] INFO:colcon.colcon_core.shell:Creating environment hook '/home/keti/.local/share/ov/pkg/isaac_sim-2022.2.1/ros2_workspace/build/isaac_ros_navigation_goal/share/isaac_ros_navigation_goal/hook/pythonpath_develop.ps1'
[0.868s] DEBUG:colcon.colcon_core.event_handler.log_command:Invoked command in '/home/keti/.local/share/ov/pkg/isaac_sim-2022.2.1/ros2_workspace/build/isaac_ros_navigation_goal' returned '0': PYTHONPATH=/home/keti/.local/share/ov/pkg/isaac_sim-2022.2.1/ros2_workspace/build/isaac_ros_navigation_goal/prefix_override:/home/keti/.local/share/ov/pkg/isaac_sim-2022.2.1/ros2_workspace/install/isaac_ros_navigation_goal/lib/python3.8/site-packages:${PYTHONPATH} /usr/bin/python3 setup.py develop --editable --build-directory /home/keti/.local/share/ov/pkg/isaac_sim-2022.2.1/ros2_workspace/build/isaac_ros_navigation_goal/build --no-deps install_data
[0.868s] INFO:colcon.colcon_core.shell:Creating environment descriptor '/home/keti/.local/share/ov/pkg/isaac_sim-2022.2.1/ros2_workspace/build/isaac_ros_navigation_goal/share/isaac_ros_navigation_goal/hook/pythonpath_develop.dsv'
[0.868s] INFO:colcon.colcon_core.shell:Creating environment hook '/home/keti/.local/share/ov/pkg/isaac_sim-2022.2.1/ros2_workspace/build/isaac_ros_navigation_goal/share/isaac_ros_navigation_goal/hook/pythonpath_develop.sh'
[0.872s] Level 1:colcon.colcon_core.environment:checking '/home/keti/.local/share/ov/pkg/isaac_sim-2022.2.1/ros2_workspace/install/isaac_ros_navigation_goal' for CMake module files
[0.873s] Level 1:colcon.colcon_core.environment:checking '/home/keti/.local/share/ov/pkg/isaac_sim-2022.2.1/ros2_workspace/install/isaac_ros_navigation_goal' for CMake config files
[0.873s] Level 1:colcon.colcon_core.environment:checking '/home/keti/.local/share/ov/pkg/isaac_sim-2022.2.1/ros2_workspace/install/isaac_ros_navigation_goal/lib'
[0.873s] Level 1:colcon.colcon_core.environment:checking '/home/keti/.local/share/ov/pkg/isaac_sim-2022.2.1/ros2_workspace/install/isaac_ros_navigation_goal/bin'
[0.873s] Level 1:colcon.colcon_core.environment:checking '/home/keti/.local/share/ov/pkg/isaac_sim-2022.2.1/ros2_workspace/install/isaac_ros_navigation_goal/lib/pkgconfig/isaac_ros_navigation_goal.pc'
[0.873s] Level 1:colcon.colcon_core.environment:checking '/home/keti/.local/share/ov/pkg/isaac_sim-2022.2.1/ros2_workspace/install/isaac_ros_navigation_goal/lib/python3.8/site-packages'
[0.874s] Level 1:colcon.colcon_core.shell:create_environment_hook('isaac_ros_navigation_goal', 'pythonpath')
[0.876s] INFO:colcon.colcon_core.shell:Creating environment hook '/home/keti/.local/share/ov/pkg/isaac_sim-2022.2.1/ros2_workspace/install/isaac_ros_navigation_goal/share/isaac_ros_navigation_goal/hook/pythonpath.ps1'
[0.876s] INFO:colcon.colcon_core.shell:Creating environment descriptor '/home/keti/.local/share/ov/pkg/isaac_sim-2022.2.1/ros2_workspace/install/isaac_ros_navigation_goal/share/isaac_ros_navigation_goal/hook/pythonpath.dsv'
[0.877s] INFO:colcon.colcon_core.shell:Creating environment hook '/home/keti/.local/share/ov/pkg/isaac_sim-2022.2.1/ros2_workspace/install/isaac_ros_navigation_goal/share/isaac_ros_navigation_goal/hook/pythonpath.sh'
[0.877s] Level 1:colcon.colcon_core.environment:checking '/home/keti/.local/share/ov/pkg/isaac_sim-2022.2.1/ros2_workspace/install/isaac_ros_navigation_goal/bin'
[0.877s] Level 1:colcon.colcon_core.environment:create_environment_scripts_only(isaac_ros_navigation_goal)
[0.879s] INFO:colcon.colcon_core.shell:Creating package script '/home/keti/.local/share/ov/pkg/isaac_sim-2022.2.1/ros2_workspace/install/isaac_ros_navigation_goal/share/isaac_ros_navigation_goal/package.ps1'
[0.879s] INFO:colcon.colcon_core.shell:Creating package descriptor '/home/keti/.local/share/ov/pkg/isaac_sim-2022.2.1/ros2_workspace/install/isaac_ros_navigation_goal/share/isaac_ros_navigation_goal/package.dsv'
[0.879s] INFO:colcon.colcon_core.shell:Creating package script '/home/keti/.local/share/ov/pkg/isaac_sim-2022.2.1/ros2_workspace/install/isaac_ros_navigation_goal/share/isaac_ros_navigation_goal/package.sh'
[0.879s] INFO:colcon.colcon_core.shell:Creating package script '/home/keti/.local/share/ov/pkg/isaac_sim-2022.2.1/ros2_workspace/install/isaac_ros_navigation_goal/share/isaac_ros_navigation_goal/package.bash'
[0.879s] INFO:colcon.colcon_core.shell:Creating package script '/home/keti/.local/share/ov/pkg/isaac_sim-2022.2.1/ros2_workspace/install/isaac_ros_navigation_goal/share/isaac_ros_navigation_goal/package.zsh'
[0.880s] Level 1:colcon.colcon_core.environment:create_file_with_runtime_dependencies(/home/keti/.local/share/ov/pkg/isaac_sim-2022.2.1/ros2_workspace/install/isaac_ros_navigation_goal/share/colcon-core/packages/isaac_ros_navigation_goal)
[0.881s] Level 1:colcon.colcon_core.environment:create_environment_scripts_only(carter_description)
[0.883s] Level 1:colcon.colcon_core.environment:checking '/home/keti/.local/share/ov/pkg/isaac_sim-2022.2.1/ros2_workspace/install/carter_description' for CMake module files
[0.884s] Level 1:colcon.colcon_core.environment:checking '/home/keti/.local/share/ov/pkg/isaac_sim-2022.2.1/ros2_workspace/install/carter_description' for CMake config files
[0.884s] Level 1:colcon.colcon_core.shell:create_environment_hook('carter_description', 'cmake_prefix_path')
[0.885s] INFO:colcon.colcon_core.shell:Creating environment hook '/home/keti/.local/share/ov/pkg/isaac_sim-2022.2.1/ros2_workspace/install/carter_description/share/carter_description/hook/cmake_prefix_path.ps1'
[0.885s] INFO:colcon.colcon_core.shell:Creating environment descriptor '/home/keti/.local/share/ov/pkg/isaac_sim-2022.2.1/ros2_workspace/install/carter_description/share/carter_description/hook/cmake_prefix_path.dsv'
[0.886s] INFO:colcon.colcon_core.shell:Creating environment hook '/home/keti/.local/share/ov/pkg/isaac_sim-2022.2.1/ros2_workspace/install/carter_description/share/carter_description/hook/cmake_prefix_path.sh'
[0.886s] Level 1:colcon.colcon_core.environment:checking '/home/keti/.local/share/ov/pkg/isaac_sim-2022.2.1/ros2_workspace/install/carter_description/bin'
[0.886s] Level 1:colcon.colcon_core.environment:checking '/home/keti/.local/share/ov/pkg/isaac_sim-2022.2.1/ros2_workspace/install/carter_description/lib/pkgconfig/carter_description.pc'
[0.886s] Level 1:colcon.colcon_core.environment:checking '/home/keti/.local/share/ov/pkg/isaac_sim-2022.2.1/ros2_workspace/install/carter_description/lib/python3.8/site-packages'
[0.886s] Level 1:colcon.colcon_core.environment:checking '/home/keti/.local/share/ov/pkg/isaac_sim-2022.2.1/ros2_workspace/install/carter_description/bin'
[0.887s] INFO:colcon.colcon_core.shell:Creating package script '/home/keti/.local/share/ov/pkg/isaac_sim-2022.2.1/ros2_workspace/install/carter_description/share/carter_description/package.ps1'
[0.887s] INFO:colcon.colcon_core.shell:Creating package descriptor '/home/keti/.local/share/ov/pkg/isaac_sim-2022.2.1/ros2_workspace/install/carter_description/share/carter_description/package.dsv'
[0.888s] INFO:colcon.colcon_core.shell:Creating package script '/home/keti/.local/share/ov/pkg/isaac_sim-2022.2.1/ros2_workspace/install/carter_description/share/carter_description/package.sh'
[0.888s] INFO:colcon.colcon_core.shell:Creating package script '/home/keti/.local/share/ov/pkg/isaac_sim-2022.2.1/ros2_workspace/install/carter_description/share/carter_description/package.bash'
[0.888s] INFO:colcon.colcon_core.shell:Creating package script '/home/keti/.local/share/ov/pkg/isaac_sim-2022.2.1/ros2_workspace/install/carter_description/share/carter_description/package.zsh'
[0.888s] Level 1:colcon.colcon_core.environment:create_file_with_runtime_dependencies(/home/keti/.local/share/ov/pkg/isaac_sim-2022.2.1/ros2_workspace/install/carter_description/share/colcon-core/packages/carter_description)
[0.921s] Level 1:colcon.colcon_core.environment:create_environment_scripts_only(carter_navigation)
[0.923s] Level 1:colcon.colcon_core.environment:checking '/home/keti/.local/share/ov/pkg/isaac_sim-2022.2.1/ros2_workspace/install/carter_navigation' for CMake module files
[0.923s] DEBUG:colcon.colcon_core.event_handler.log_command:Invoked command in '/home/keti/.local/share/ov/pkg/isaac_sim-2022.2.1/ros2_workspace/build/carter_navigation' returned '0': CMAKE_PREFIX_PATH=${CMAKE_PREFIX_PATH}:/opt/ros/foxy:/home/keti/.local/share/ov/pkg/isaac_sim-2022.2.1/ros2_workspace/install/isaac_ros_navigation_goal /usr/bin/cmake --install /home/keti/.local/share/ov/pkg/isaac_sim-2022.2.1/ros2_workspace/build/carter_navigation
[0.923s] Level 1:colcon.colcon_core.environment:checking '/home/keti/.local/share/ov/pkg/isaac_sim-2022.2.1/ros2_workspace/install/carter_navigation' for CMake config files
[0.923s] Level 1:colcon.colcon_core.shell:create_environment_hook('carter_navigation', 'cmake_prefix_path')
[0.924s] INFO:colcon.colcon_core.shell:Creating environment hook '/home/keti/.local/share/ov/pkg/isaac_sim-2022.2.1/ros2_workspace/install/carter_navigation/share/carter_navigation/hook/cmake_prefix_path.ps1'
[0.925s] INFO:colcon.colcon_core.shell:Creating environment descriptor '/home/keti/.local/share/ov/pkg/isaac_sim-2022.2.1/ros2_workspace/install/carter_navigation/share/carter_navigation/hook/cmake_prefix_path.dsv'
[0.925s] INFO:colcon.colcon_core.shell:Creating environment hook '/home/keti/.local/share/ov/pkg/isaac_sim-2022.2.1/ros2_workspace/install/carter_navigation/share/carter_navigation/hook/cmake_prefix_path.sh'
[0.925s] Level 1:colcon.colcon_core.environment:checking '/home/keti/.local/share/ov/pkg/isaac_sim-2022.2.1/ros2_workspace/install/carter_navigation/bin'
[0.925s] Level 1:colcon.colcon_core.environment:checking '/home/keti/.local/share/ov/pkg/isaac_sim-2022.2.1/ros2_workspace/install/carter_navigation/lib/pkgconfig/carter_navigation.pc'
[0.925s] Level 1:colcon.colcon_core.environment:checking '/home/keti/.local/share/ov/pkg/isaac_sim-2022.2.1/ros2_workspace/install/carter_navigation/lib/python3.8/site-packages'
[0.925s] Level 1:colcon.colcon_core.environment:checking '/home/keti/.local/share/ov/pkg/isaac_sim-2022.2.1/ros2_workspace/install/carter_navigation/bin'
[0.926s] INFO:colcon.colcon_core.shell:Creating package script '/home/keti/.local/share/ov/pkg/isaac_sim-2022.2.1/ros2_workspace/install/carter_navigation/share/carter_navigation/package.ps1'
[0.927s] INFO:colcon.colcon_core.shell:Creating package descriptor '/home/keti/.local/share/ov/pkg/isaac_sim-2022.2.1/ros2_workspace/install/carter_navigation/share/carter_navigation/package.dsv'
[0.927s] INFO:colcon.colcon_core.shell:Creating package script '/home/keti/.local/share/ov/pkg/isaac_sim-2022.2.1/ros2_workspace/install/carter_navigation/share/carter_navigation/package.sh'
[0.927s] INFO:colcon.colcon_core.shell:Creating package script '/home/keti/.local/share/ov/pkg/isaac_sim-2022.2.1/ros2_workspace/install/carter_navigation/share/carter_navigation/package.bash'
[0.927s] INFO:colcon.colcon_core.shell:Creating package script '/home/keti/.local/share/ov/pkg/isaac_sim-2022.2.1/ros2_workspace/install/carter_navigation/share/carter_navigation/package.zsh'
[0.927s] Level 1:colcon.colcon_core.environment:create_file_with_runtime_dependencies(/home/keti/.local/share/ov/pkg/isaac_sim-2022.2.1/ros2_workspace/install/carter_navigation/share/colcon-core/packages/carter_navigation)
[0.932s] Level 1:colcon.colcon_core.environment:create_environment_scripts_only(isaac_tutorials)
[0.934s] Level 1:colcon.colcon_core.environment:checking '/home/keti/.local/share/ov/pkg/isaac_sim-2022.2.1/ros2_workspace/install/isaac_tutorials' for CMake module files
[0.935s] DEBUG:colcon.colcon_core.event_handler.log_command:Invoked command in '/home/keti/.local/share/ov/pkg/isaac_sim-2022.2.1/ros2_workspace/build/isaac_tutorials' returned '0': CMAKE_PREFIX_PATH=${CMAKE_PREFIX_PATH}:/opt/ros/foxy:/home/keti/.local/share/ov/pkg/isaac_sim-2022.2.1/ros2_workspace/install/isaac_ros_navigation_goal /usr/bin/cmake --install /home/keti/.local/share/ov/pkg/isaac_sim-2022.2.1/ros2_workspace/build/isaac_tutorials
[0.935s] Level 1:colcon.colcon_core.environment:checking '/home/keti/.local/share/ov/pkg/isaac_sim-2022.2.1/ros2_workspace/install/isaac_tutorials' for CMake config files
[0.935s] Level 1:colcon.colcon_core.shell:create_environment_hook('isaac_tutorials', 'cmake_prefix_path')
[0.936s] INFO:colcon.colcon_core.shell:Creating environment hook '/home/keti/.local/share/ov/pkg/isaac_sim-2022.2.1/ros2_workspace/install/isaac_tutorials/share/isaac_tutorials/hook/cmake_prefix_path.ps1'
[0.936s] INFO:colcon.colcon_core.shell:Creating environment descriptor '/home/keti/.local/share/ov/pkg/isaac_sim-2022.2.1/ros2_workspace/install/isaac_tutorials/share/isaac_tutorials/hook/cmake_prefix_path.dsv'
[0.937s] INFO:colcon.colcon_core.shell:Creating environment hook '/home/keti/.local/share/ov/pkg/isaac_sim-2022.2.1/ros2_workspace/install/isaac_tutorials/share/isaac_tutorials/hook/cmake_prefix_path.sh'
[0.937s] Level 1:colcon.colcon_core.environment:checking '/home/keti/.local/share/ov/pkg/isaac_sim-2022.2.1/ros2_workspace/install/isaac_tutorials/lib'
[0.937s] Level 1:colcon.colcon_core.environment:checking '/home/keti/.local/share/ov/pkg/isaac_sim-2022.2.1/ros2_workspace/install/isaac_tutorials/bin'
[0.937s] Level 1:colcon.colcon_core.environment:checking '/home/keti/.local/share/ov/pkg/isaac_sim-2022.2.1/ros2_workspace/install/isaac_tutorials/lib/pkgconfig/isaac_tutorials.pc'
[0.937s] Level 1:colcon.colcon_core.environment:checking '/home/keti/.local/share/ov/pkg/isaac_sim-2022.2.1/ros2_workspace/install/isaac_tutorials/lib/python3.8/site-packages'
[0.937s] Level 1:colcon.colcon_core.environment:checking '/home/keti/.local/share/ov/pkg/isaac_sim-2022.2.1/ros2_workspace/install/isaac_tutorials/bin'
[0.938s] INFO:colcon.colcon_core.shell:Creating package script '/home/keti/.local/share/ov/pkg/isaac_sim-2022.2.1/ros2_workspace/install/isaac_tutorials/share/isaac_tutorials/package.ps1'
[0.938s] INFO:colcon.colcon_core.shell:Creating package descriptor '/home/keti/.local/share/ov/pkg/isaac_sim-2022.2.1/ros2_workspace/install/isaac_tutorials/share/isaac_tutorials/package.dsv'
[0.939s] INFO:colcon.colcon_core.shell:Creating package script '/home/keti/.local/share/ov/pkg/isaac_sim-2022.2.1/ros2_workspace/install/isaac_tutorials/share/isaac_tutorials/package.sh'
[0.939s] INFO:colcon.colcon_core.shell:Creating package script '/home/keti/.local/share/ov/pkg/isaac_sim-2022.2.1/ros2_workspace/install/isaac_tutorials/share/isaac_tutorials/package.bash'
[0.939s] INFO:colcon.colcon_core.shell:Creating package script '/home/keti/.local/share/ov/pkg/isaac_sim-2022.2.1/ros2_workspace/install/isaac_tutorials/share/isaac_tutorials/package.zsh'
[0.939s] Level 1:colcon.colcon_core.environment:create_file_with_runtime_dependencies(/home/keti/.local/share/ov/pkg/isaac_sim-2022.2.1/ros2_workspace/install/isaac_tutorials/share/colcon-core/packages/isaac_tutorials)
[0.942s] Level 1:colcon.colcon_core.environment:create_environment_scripts_only(carter_navigation)
[0.944s] Level 1:colcon.colcon_core.environment:checking '/home/keti/.local/share/ov/pkg/isaac_sim-2022.2.1/ros2_workspace/install/carter_navigation' for CMake module files
[0.944s] Level 1:colcon.colcon_core.environment:checking '/home/keti/.local/share/ov/pkg/isaac_sim-2022.2.1/ros2_workspace/install/carter_navigation' for CMake config files
[0.944s] Level 1:colcon.colcon_core.shell:create_environment_hook('carter_navigation', 'cmake_prefix_path')
[0.946s] INFO:colcon.colcon_core.shell:Creating environment hook '/home/keti/.local/share/ov/pkg/isaac_sim-2022.2.1/ros2_workspace/install/carter_navigation/share/carter_navigation/hook/cmake_prefix_path.ps1'
[0.946s] INFO:colcon.colcon_core.shell:Creating environment descriptor '/home/keti/.local/share/ov/pkg/isaac_sim-2022.2.1/ros2_workspace/install/carter_navigation/share/carter_navigation/hook/cmake_prefix_path.dsv'
[0.946s] INFO:colcon.colcon_core.shell:Creating environment hook '/home/keti/.local/share/ov/pkg/isaac_sim-2022.2.1/ros2_workspace/install/carter_navigation/share/carter_navigation/hook/cmake_prefix_path.sh'
[0.946s] Level 1:colcon.colcon_core.environment:checking '/home/keti/.local/share/ov/pkg/isaac_sim-2022.2.1/ros2_workspace/install/carter_navigation/bin'
[0.946s] Level 1:colcon.colcon_core.environment:checking '/home/keti/.local/share/ov/pkg/isaac_sim-2022.2.1/ros2_workspace/install/carter_navigation/lib/pkgconfig/carter_navigation.pc'
[0.946s] Level 1:colcon.colcon_core.environment:checking '/home/keti/.local/share/ov/pkg/isaac_sim-2022.2.1/ros2_workspace/install/carter_navigation/lib/python3.8/site-packages'
[0.946s] Level 1:colcon.colcon_core.environment:checking '/home/keti/.local/share/ov/pkg/isaac_sim-2022.2.1/ros2_workspace/install/carter_navigation/bin'
[0.948s] INFO:colcon.colcon_core.shell:Creating package script '/home/keti/.local/share/ov/pkg/isaac_sim-2022.2.1/ros2_workspace/install/carter_navigation/share/carter_navigation/package.ps1'
[0.948s] INFO:colcon.colcon_core.shell:Creating package descriptor '/home/keti/.local/share/ov/pkg/isaac_sim-2022.2.1/ros2_workspace/install/carter_navigation/share/carter_navigation/package.dsv'
[0.948s] INFO:colcon.colcon_core.shell:Creating package script '/home/keti/.local/share/ov/pkg/isaac_sim-2022.2.1/ros2_workspace/install/carter_navigation/share/carter_navigation/package.sh'
[0.948s] INFO:colcon.colcon_core.shell:Creating package script '/home/keti/.local/share/ov/pkg/isaac_sim-2022.2.1/ros2_workspace/install/carter_navigation/share/carter_navigation/package.bash'
[0.948s] INFO:colcon.colcon_core.shell:Creating package script '/home/keti/.local/share/ov/pkg/isaac_sim-2022.2.1/ros2_workspace/install/carter_navigation/share/carter_navigation/package.zsh'
[0.948s] Level 1:colcon.colcon_core.environment:create_file_with_runtime_dependencies(/home/keti/.local/share/ov/pkg/isaac_sim-2022.2.1/ros2_workspace/install/carter_navigation/share/colcon-core/packages/carter_navigation)
[0.951s] Level 1:colcon.colcon_core.environment:create_environment_scripts_only(isaac_tutorials)
[0.953s] Level 1:colcon.colcon_core.environment:checking '/home/keti/.local/share/ov/pkg/isaac_sim-2022.2.1/ros2_workspace/install/isaac_tutorials' for CMake module files
[0.953s] Level 1:colcon.colcon_core.environment:checking '/home/keti/.local/share/ov/pkg/isaac_sim-2022.2.1/ros2_workspace/install/isaac_tutorials' for CMake config files
[0.953s] Level 1:colcon.colcon_core.shell:create_environment_hook('isaac_tutorials', 'cmake_prefix_path')
[0.954s] INFO:colcon.colcon_core.shell:Creating environment hook '/home/keti/.local/share/ov/pkg/isaac_sim-2022.2.1/ros2_workspace/install/isaac_tutorials/share/isaac_tutorials/hook/cmake_prefix_path.ps1'
[0.954s] INFO:colcon.colcon_core.shell:Creating environment descriptor '/home/keti/.local/share/ov/pkg/isaac_sim-2022.2.1/ros2_workspace/install/isaac_tutorials/share/isaac_tutorials/hook/cmake_prefix_path.dsv'
[0.955s] INFO:colcon.colcon_core.shell:Creating environment hook '/home/keti/.local/share/ov/pkg/isaac_sim-2022.2.1/ros2_workspace/install/isaac_tutorials/share/isaac_tutorials/hook/cmake_prefix_path.sh'
[0.955s] Level 1:colcon.colcon_core.environment:checking '/home/keti/.local/share/ov/pkg/isaac_sim-2022.2.1/ros2_workspace/install/isaac_tutorials/lib'
[0.955s] Level 1:colcon.colcon_core.environment:checking '/home/keti/.local/share/ov/pkg/isaac_sim-2022.2.1/ros2_workspace/install/isaac_tutorials/bin'
[0.955s] Level 1:colcon.colcon_core.environment:checking '/home/keti/.local/share/ov/pkg/isaac_sim-2022.2.1/ros2_workspace/install/isaac_tutorials/lib/pkgconfig/isaac_tutorials.pc'
[0.955s] Level 1:colcon.colcon_core.environment:checking '/home/keti/.local/share/ov/pkg/isaac_sim-2022.2.1/ros2_workspace/install/isaac_tutorials/lib/python3.8/site-packages'
[0.955s] Level 1:colcon.colcon_core.environment:checking '/home/keti/.local/share/ov/pkg/isaac_sim-2022.2.1/ros2_workspace/install/isaac_tutorials/bin'
[0.956s] INFO:colcon.colcon_core.shell:Creating package script '/home/keti/.local/share/ov/pkg/isaac_sim-2022.2.1/ros2_workspace/install/isaac_tutorials/share/isaac_tutorials/package.ps1'
[0.956s] INFO:colcon.colcon_core.shell:Creating package descriptor '/home/keti/.local/share/ov/pkg/isaac_sim-2022.2.1/ros2_workspace/install/isaac_tutorials/share/isaac_tutorials/package.dsv'
[0.956s] INFO:colcon.colcon_core.shell:Creating package script '/home/keti/.local/share/ov/pkg/isaac_sim-2022.2.1/ros2_workspace/install/isaac_tutorials/share/isaac_tutorials/package.sh'
[0.957s] INFO:colcon.colcon_core.shell:Creating package script '/home/keti/.local/share/ov/pkg/isaac_sim-2022.2.1/ros2_workspace/install/isaac_tutorials/share/isaac_tutorials/package.bash'
[0.957s] INFO:colcon.colcon_core.shell:Creating package script '/home/keti/.local/share/ov/pkg/isaac_sim-2022.2.1/ros2_workspace/install/isaac_tutorials/share/isaac_tutorials/package.zsh'
[0.957s] Level 1:colcon.colcon_core.environment:create_file_with_runtime_dependencies(/home/keti/.local/share/ov/pkg/isaac_sim-2022.2.1/ros2_workspace/install/isaac_tutorials/share/colcon-core/packages/isaac_tutorials)
[1.279s] DEBUG:colcon.colcon_core.event_handler.log_command:Invoked command in '/home/keti/.local/share/ov/pkg/isaac_sim-2022.2.1/ros2_workspace/build/isaac_ros2_messages' returned '0': CMAKE_PREFIX_PATH=${CMAKE_PREFIX_PATH}:/opt/ros/foxy:/home/keti/.local/share/ov/pkg/isaac_sim-2022.2.1/ros2_workspace/install/isaac_ros_navigation_goal /usr/bin/cmake /home/keti/.local/share/ov/pkg/isaac_sim-2022.2.1/ros2_workspace/src/isaac_ros2_messages -DAMENT_CMAKE_SYMLINK_INSTALL=1 -DCMAKE_INSTALL_PREFIX=/home/keti/.local/share/ov/pkg/isaac_sim-2022.2.1/ros2_workspace/install/isaac_ros2_messages
[1.281s] DEBUG:colcon.colcon_core.event_handler.log_command:Invoking command in '/home/keti/.local/share/ov/pkg/isaac_sim-2022.2.1/ros2_workspace/build/isaac_ros2_messages': CMAKE_PREFIX_PATH=${CMAKE_PREFIX_PATH}:/opt/ros/foxy:/home/keti/.local/share/ov/pkg/isaac_sim-2022.2.1/ros2_workspace/install/isaac_ros_navigation_goal /usr/bin/cmake --build /home/keti/.local/share/ov/pkg/isaac_sim-2022.2.1/ros2_workspace/build/isaac_ros2_messages -- -j24 -l24
[2.612s] DEBUG:colcon.colcon_core.event_handler.log_command:Invoked command in '/home/keti/.local/share/ov/pkg/isaac_sim-2022.2.1/ros2_workspace/build/isaac_ros2_messages' returned '0': CMAKE_PREFIX_PATH=${CMAKE_PREFIX_PATH}:/opt/ros/foxy:/home/keti/.local/share/ov/pkg/isaac_sim-2022.2.1/ros2_workspace/install/isaac_ros_navigation_goal /usr/bin/cmake --build /home/keti/.local/share/ov/pkg/isaac_sim-2022.2.1/ros2_workspace/build/isaac_ros2_messages -- -j24 -l24
[2.638s] DEBUG:colcon.colcon_core.event_handler.log_command:Invoking command in '/home/keti/.local/share/ov/pkg/isaac_sim-2022.2.1/ros2_workspace/build/isaac_ros2_messages': CMAKE_PREFIX_PATH=${CMAKE_PREFIX_PATH}:/opt/ros/foxy:/home/keti/.local/share/ov/pkg/isaac_sim-2022.2.1/ros2_workspace/install/isaac_ros_navigation_goal /usr/bin/cmake --install /home/keti/.local/share/ov/pkg/isaac_sim-2022.2.1/ros2_workspace/build/isaac_ros2_messages
[2.917s] Level 1:colcon.colcon_core.environment:create_environment_scripts_only(isaac_ros2_messages)
[2.919s] Level 1:colcon.colcon_core.environment:checking '/home/keti/.local/share/ov/pkg/isaac_sim-2022.2.1/ros2_workspace/install/isaac_ros2_messages' for CMake module files
[2.920s] DEBUG:colcon.colcon_core.event_handler.log_command:Invoked command in '/home/keti/.local/share/ov/pkg/isaac_sim-2022.2.1/ros2_workspace/build/isaac_ros2_messages' returned '0': CMAKE_PREFIX_PATH=${CMAKE_PREFIX_PATH}:/opt/ros/foxy:/home/keti/.local/share/ov/pkg/isaac_sim-2022.2.1/ros2_workspace/install/isaac_ros_navigation_goal /usr/bin/cmake --install /home/keti/.local/share/ov/pkg/isaac_sim-2022.2.1/ros2_workspace/build/isaac_ros2_messages
[2.920s] Level 1:colcon.colcon_core.environment:checking '/home/keti/.local/share/ov/pkg/isaac_sim-2022.2.1/ros2_workspace/install/isaac_ros2_messages' for CMake config files
[2.920s] Level 1:colcon.colcon_core.shell:create_environment_hook('isaac_ros2_messages', 'cmake_prefix_path')
[2.921s] INFO:colcon.colcon_core.shell:Creating environment hook '/home/keti/.local/share/ov/pkg/isaac_sim-2022.2.1/ros2_workspace/install/isaac_ros2_messages/share/isaac_ros2_messages/hook/cmake_prefix_path.ps1'
[2.922s] INFO:colcon.colcon_core.shell:Creating environment descriptor '/home/keti/.local/share/ov/pkg/isaac_sim-2022.2.1/ros2_workspace/install/isaac_ros2_messages/share/isaac_ros2_messages/hook/cmake_prefix_path.dsv'
[2.922s] INFO:colcon.colcon_core.shell:Creating environment hook '/home/keti/.local/share/ov/pkg/isaac_sim-2022.2.1/ros2_workspace/install/isaac_ros2_messages/share/isaac_ros2_messages/hook/cmake_prefix_path.sh'
[2.922s] Level 1:colcon.colcon_core.environment:checking '/home/keti/.local/share/ov/pkg/isaac_sim-2022.2.1/ros2_workspace/install/isaac_ros2_messages/lib'
[2.922s] Level 1:colcon.colcon_core.shell:create_environment_hook('isaac_ros2_messages', 'ld_library_path_lib')
[2.923s] INFO:colcon.colcon_core.shell:Creating environment hook '/home/keti/.local/share/ov/pkg/isaac_sim-2022.2.1/ros2_workspace/install/isaac_ros2_messages/share/isaac_ros2_messages/hook/ld_library_path_lib.ps1'
[2.923s] INFO:colcon.colcon_core.shell:Creating environment descriptor '/home/keti/.local/share/ov/pkg/isaac_sim-2022.2.1/ros2_workspace/install/isaac_ros2_messages/share/isaac_ros2_messages/hook/ld_library_path_lib.dsv'
[2.923s] INFO:colcon.colcon_core.shell:Creating environment hook '/home/keti/.local/share/ov/pkg/isaac_sim-2022.2.1/ros2_workspace/install/isaac_ros2_messages/share/isaac_ros2_messages/hook/ld_library_path_lib.sh'
[2.923s] Level 1:colcon.colcon_core.environment:checking '/home/keti/.local/share/ov/pkg/isaac_sim-2022.2.1/ros2_workspace/install/isaac_ros2_messages/bin'
[2.923s] Level 1:colcon.colcon_core.environment:checking '/home/keti/.local/share/ov/pkg/isaac_sim-2022.2.1/ros2_workspace/install/isaac_ros2_messages/lib/pkgconfig/isaac_ros2_messages.pc'
[2.924s] Level 1:colcon.colcon_core.environment:checking '/home/keti/.local/share/ov/pkg/isaac_sim-2022.2.1/ros2_workspace/install/isaac_ros2_messages/lib/python3.8/site-packages'
[2.924s] Level 1:colcon.colcon_core.shell:create_environment_hook('isaac_ros2_messages', 'pythonpath')
[2.925s] INFO:colcon.colcon_core.shell:Creating environment hook '/home/keti/.local/share/ov/pkg/isaac_sim-2022.2.1/ros2_workspace/install/isaac_ros2_messages/share/isaac_ros2_messages/hook/pythonpath.ps1'
[2.925s] INFO:colcon.colcon_core.shell:Creating environment descriptor '/home/keti/.local/share/ov/pkg/isaac_sim-2022.2.1/ros2_workspace/install/isaac_ros2_messages/share/isaac_ros2_messages/hook/pythonpath.dsv'
[2.925s] INFO:colcon.colcon_core.shell:Creating environment hook '/home/keti/.local/share/ov/pkg/isaac_sim-2022.2.1/ros2_workspace/install/isaac_ros2_messages/share/isaac_ros2_messages/hook/pythonpath.sh'
[2.925s] Level 1:colcon.colcon_core.environment:checking '/home/keti/.local/share/ov/pkg/isaac_sim-2022.2.1/ros2_workspace/install/isaac_ros2_messages/bin'
[2.926s] INFO:colcon.colcon_core.shell:Creating package script '/home/keti/.local/share/ov/pkg/isaac_sim-2022.2.1/ros2_workspace/install/isaac_ros2_messages/share/isaac_ros2_messages/package.ps1'
[2.926s] INFO:colcon.colcon_core.shell:Creating package descriptor '/home/keti/.local/share/ov/pkg/isaac_sim-2022.2.1/ros2_workspace/install/isaac_ros2_messages/share/isaac_ros2_messages/package.dsv'
[2.927s] INFO:colcon.colcon_core.shell:Creating package script '/home/keti/.local/share/ov/pkg/isaac_sim-2022.2.1/ros2_workspace/install/isaac_ros2_messages/share/isaac_ros2_messages/package.sh'
[2.927s] INFO:colcon.colcon_core.shell:Creating package script '/home/keti/.local/share/ov/pkg/isaac_sim-2022.2.1/ros2_workspace/install/isaac_ros2_messages/share/isaac_ros2_messages/package.bash'
[2.927s] INFO:colcon.colcon_core.shell:Creating package script '/home/keti/.local/share/ov/pkg/isaac_sim-2022.2.1/ros2_workspace/install/isaac_ros2_messages/share/isaac_ros2_messages/package.zsh'
[2.927s] Level 1:colcon.colcon_core.environment:create_file_with_runtime_dependencies(/home/keti/.local/share/ov/pkg/isaac_sim-2022.2.1/ros2_workspace/install/isaac_ros2_messages/share/colcon-core/packages/isaac_ros2_messages)
[2.953s] Level 1:colcon.colcon_core.environment:create_environment_scripts_only(isaac_ros2_messages)
[2.955s] Level 1:colcon.colcon_core.environment:checking '/home/keti/.local/share/ov/pkg/isaac_sim-2022.2.1/ros2_workspace/install/isaac_ros2_messages' for CMake module files
[2.955s] Level 1:colcon.colcon_core.environment:checking '/home/keti/.local/share/ov/pkg/isaac_sim-2022.2.1/ros2_workspace/install/isaac_ros2_messages' for CMake config files
[2.955s] Level 1:colcon.colcon_core.shell:create_environment_hook('isaac_ros2_messages', 'cmake_prefix_path')
[2.956s] INFO:colcon.colcon_core.shell:Creating environment hook '/home/keti/.local/share/ov/pkg/isaac_sim-2022.2.1/ros2_workspace/install/isaac_ros2_messages/share/isaac_ros2_messages/hook/cmake_prefix_path.ps1'
[2.957s] INFO:colcon.colcon_core.shell:Creating environment descriptor '/home/keti/.local/share/ov/pkg/isaac_sim-2022.2.1/ros2_workspace/install/isaac_ros2_messages/share/isaac_ros2_messages/hook/cmake_prefix_path.dsv'
[2.957s] INFO:colcon.colcon_core.shell:Creating environment hook '/home/keti/.local/share/ov/pkg/isaac_sim-2022.2.1/ros2_workspace/install/isaac_ros2_messages/share/isaac_ros2_messages/hook/cmake_prefix_path.sh'
[2.957s] Level 1:colcon.colcon_core.environment:checking '/home/keti/.local/share/ov/pkg/isaac_sim-2022.2.1/ros2_workspace/install/isaac_ros2_messages/lib'
[2.957s] Level 1:colcon.colcon_core.shell:create_environment_hook('isaac_ros2_messages', 'ld_library_path_lib')
[2.958s] INFO:colcon.colcon_core.shell:Creating environment hook '/home/keti/.local/share/ov/pkg/isaac_sim-2022.2.1/ros2_workspace/install/isaac_ros2_messages/share/isaac_ros2_messages/hook/ld_library_path_lib.ps1'
[2.958s] INFO:colcon.colcon_core.shell:Creating environment descriptor '/home/keti/.local/share/ov/pkg/isaac_sim-2022.2.1/ros2_workspace/install/isaac_ros2_messages/share/isaac_ros2_messages/hook/ld_library_path_lib.dsv'
[2.959s] INFO:colcon.colcon_core.shell:Creating environment hook '/home/keti/.local/share/ov/pkg/isaac_sim-2022.2.1/ros2_workspace/install/isaac_ros2_messages/share/isaac_ros2_messages/hook/ld_library_path_lib.sh'
[2.959s] Level 1:colcon.colcon_core.environment:checking '/home/keti/.local/share/ov/pkg/isaac_sim-2022.2.1/ros2_workspace/install/isaac_ros2_messages/bin'
[2.959s] Level 1:colcon.colcon_core.environment:checking '/home/keti/.local/share/ov/pkg/isaac_sim-2022.2.1/ros2_workspace/install/isaac_ros2_messages/lib/pkgconfig/isaac_ros2_messages.pc'
[2.959s] Level 1:colcon.colcon_core.environment:checking '/home/keti/.local/share/ov/pkg/isaac_sim-2022.2.1/ros2_workspace/install/isaac_ros2_messages/lib/python3.8/site-packages'
[2.959s] Level 1:colcon.colcon_core.shell:create_environment_hook('isaac_ros2_messages', 'pythonpath')
[2.960s] INFO:colcon.colcon_core.shell:Creating environment hook '/home/keti/.local/share/ov/pkg/isaac_sim-2022.2.1/ros2_workspace/install/isaac_ros2_messages/share/isaac_ros2_messages/hook/pythonpath.ps1'
[2.960s] INFO:colcon.colcon_core.shell:Creating environment descriptor '/home/keti/.local/share/ov/pkg/isaac_sim-2022.2.1/ros2_workspace/install/isaac_ros2_messages/share/isaac_ros2_messages/hook/pythonpath.dsv'
[2.960s] INFO:colcon.colcon_core.shell:Creating environment hook '/home/keti/.local/share/ov/pkg/isaac_sim-2022.2.1/ros2_workspace/install/isaac_ros2_messages/share/isaac_ros2_messages/hook/pythonpath.sh'
[2.961s] Level 1:colcon.colcon_core.environment:checking '/home/keti/.local/share/ov/pkg/isaac_sim-2022.2.1/ros2_workspace/install/isaac_ros2_messages/bin'
[2.962s] INFO:colcon.colcon_core.shell:Creating package script '/home/keti/.local/share/ov/pkg/isaac_sim-2022.2.1/ros2_workspace/install/isaac_ros2_messages/share/isaac_ros2_messages/package.ps1'
[2.962s] INFO:colcon.colcon_core.shell:Creating package descriptor '/home/keti/.local/share/ov/pkg/isaac_sim-2022.2.1/ros2_workspace/install/isaac_ros2_messages/share/isaac_ros2_messages/package.dsv'
[2.962s] INFO:colcon.colcon_core.shell:Creating package script '/home/keti/.local/share/ov/pkg/isaac_sim-2022.2.1/ros2_workspace/install/isaac_ros2_messages/share/isaac_ros2_messages/package.sh'
[2.963s] INFO:colcon.colcon_core.shell:Creating package script '/home/keti/.local/share/ov/pkg/isaac_sim-2022.2.1/ros2_workspace/install/isaac_ros2_messages/share/isaac_ros2_messages/package.bash'
[2.963s] INFO:colcon.colcon_core.shell:Creating package script '/home/keti/.local/share/ov/pkg/isaac_sim-2022.2.1/ros2_workspace/install/isaac_ros2_messages/share/isaac_ros2_messages/package.zsh'
[2.963s] Level 1:colcon.colcon_core.environment:create_file_with_runtime_dependencies(/home/keti/.local/share/ov/pkg/isaac_sim-2022.2.1/ros2_workspace/install/isaac_ros2_messages/share/colcon-core/packages/isaac_ros2_messages)
[2.963s] DEBUG:colcon.colcon_parallel_executor.executor.parallel:closing loop
[2.963s] DEBUG:colcon.colcon_parallel_executor.executor.parallel:loop closed
[2.963s] DEBUG:colcon.colcon_parallel_executor.executor.parallel:run_until_complete finished with '0'
[2.963s] DEBUG:colcon.colcon_core.event_reactor:joining thread
[2.967s] INFO:colcon.colcon_core.plugin_system:Skipping extension 'colcon_notification.desktop_notification.terminal_notifier': Not used on non-Darwin systems
[2.967s] INFO:colcon.colcon_core.plugin_system:Skipping extension 'colcon_notification.desktop_notification.win32': Not used on non-Windows systems
[2.967s] INFO:colcon.colcon_notification.desktop_notification:Sending desktop notification using 'notify2'
[2.974s] DEBUG:colcon.colcon_core.event_reactor:joined thread
[2.975s] INFO:colcon.colcon_core.shell:Creating prefix script '/home/keti/.local/share/ov/pkg/isaac_sim-2022.2.1/ros2_workspace/install/local_setup.ps1'
[2.976s] INFO:colcon.colcon_core.shell:Creating prefix util module '/home/keti/.local/share/ov/pkg/isaac_sim-2022.2.1/ros2_workspace/install/_local_setup_util_ps1.py'
[2.976s] INFO:colcon.colcon_core.shell:Creating prefix chain script '/home/keti/.local/share/ov/pkg/isaac_sim-2022.2.1/ros2_workspace/install/setup.ps1'
[2.977s] INFO:colcon.colcon_core.shell:Creating prefix script '/home/keti/.local/share/ov/pkg/isaac_sim-2022.2.1/ros2_workspace/install/local_setup.sh'
[2.977s] INFO:colcon.colcon_core.shell:Creating prefix util module '/home/keti/.local/share/ov/pkg/isaac_sim-2022.2.1/ros2_workspace/install/_local_setup_util_sh.py'
[2.977s] INFO:colcon.colcon_core.shell:Creating prefix chain script '/home/keti/.local/share/ov/pkg/isaac_sim-2022.2.1/ros2_workspace/install/setup.sh'
[2.978s] INFO:colcon.colcon_core.shell:Creating prefix script '/home/keti/.local/share/ov/pkg/isaac_sim-2022.2.1/ros2_workspace/install/local_setup.bash'
[2.978s] INFO:colcon.colcon_core.shell:Creating prefix chain script '/home/keti/.local/share/ov/pkg/isaac_sim-2022.2.1/ros2_workspace/install/setup.bash'
[2.979s] INFO:colcon.colcon_core.shell:Creating prefix script '/home/keti/.local/share/ov/pkg/isaac_sim-2022.2.1/ros2_workspace/install/local_setup.zsh'
[2.979s] INFO:colcon.colcon_core.shell:Creating prefix chain script '/home/keti/.local/share/ov/pkg/isaac_sim-2022.2.1/ros2_workspace/install/setup.zsh'
