[0.021s] Invoking command in '/home/keti/.local/share/ov/pkg/isaac_sim-2022.2.1/ros2_workspace/build/isaac_ros2_messages': CMAKE_PREFIX_PATH=${CMAKE_PREFIX_PATH}:/home/keti/.local/share/ov/pkg/isaac_sim-2022.2.1/ros2_workspace/install/isaac_ros_navigation_goal:/opt/ros/foxy /usr/bin/cmake /home/keti/.local/share/ov/pkg/isaac_sim-2022.2.1/ros2_workspace/src/isaac_ros2_messages -DAMENT_CMAKE_SYMLINK_INSTALL=1 -DCMAKE_INSTALL_PREFIX=/home/keti/.local/share/ov/pkg/isaac_sim-2022.2.1/ros2_workspace/install/isaac_ros2_messages
[0.137s] -- The C compiler identification is GNU 9.4.0
[0.137s] -- The CXX compiler identification is GNU 9.4.0
[0.137s] -- Check for working C compiler: /usr/bin/cc
[0.137s] -- Check for working C compiler: /usr/bin/cc -- works
[0.137s] -- Detecting C compiler ABI info
[0.168s] -- Detecting C compiler ABI info - done
[0.174s] -- Detecting C compile features
[0.174s] -- Detecting C compile features - done
[0.176s] -- Check for working CXX compiler: /usr/bin/c++
[0.213s] -- Check for working CXX compiler: /usr/bin/c++ -- works
[0.214s] -- Detecting CXX compiler ABI info
[0.251s] -- Detecting CXX compiler ABI info - done
[0.257s] -- Detecting CXX compile features
[0.258s] -- Detecting CXX compile features - done
[0.259s] -- Found ament_cmake: 0.9.12 (/opt/ros/foxy/share/ament_cmake/cmake)
[0.272s] -- Found PythonInterp: /usr/bin/python3 (found suitable version "3.8.10", minimum required is "3") 
[0.272s] -- Using PYTHON_EXECUTABLE: /usr/bin/python3
[0.362s] -- Override CMake install command with custom implementation using symlinks instead of copying resources
[0.379s] -- Found ament_lint_auto: 0.9.8 (/opt/ros/foxy/share/ament_lint_auto/cmake)
[0.417s] -- Found builtin_interfaces: 1.0.0 (/opt/ros/foxy/share/builtin_interfaces/cmake)
[0.439s] -- Using all available rosidl_typesupport_c: rosidl_typesupport_fastrtps_c;rosidl_typesupport_introspection_c
[0.444s] -- Found rosidl_adapter: 1.3.1 (/opt/ros/foxy/share/rosidl_adapter/cmake)
[0.484s] -- Found OpenSSL: /usr/lib/x86_64-linux-gnu/libcrypto.so (found version "1.1.1f")  
[0.500s] -- Found FastRTPS: /opt/ros/foxy/include  
[0.545s] -- Using all available rosidl_typesupport_cpp: rosidl_typesupport_fastrtps_cpp;rosidl_typesupport_introspection_cpp
[0.559s] -- Found rosidl_default_generators: 1.0.1 (/opt/ros/foxy/share/rosidl_default_generators/cmake)
[0.575s] -- Found std_msgs: 2.0.5 (/opt/ros/foxy/share/std_msgs/cmake)
[0.585s] -- Found geometry_msgs: 2.0.5 (/opt/ros/foxy/share/geometry_msgs/cmake)
[0.616s] -- Found PythonInterp: /usr/bin/python3 (found version "3.8.10") 
[0.678s] -- Found ament_cmake_ros: 0.9.2 (/opt/ros/foxy/share/ament_cmake_ros/cmake)
[0.791s] -- Using all available rosidl_typesupport_c: rosidl_typesupport_fastrtps_c;rosidl_typesupport_introspection_c
[0.840s] -- Using all available rosidl_typesupport_cpp: rosidl_typesupport_fastrtps_cpp;rosidl_typesupport_introspection_cpp
[0.855s] -- Found PythonInterp: /usr/bin/python3 (found suitable version "3.8.10", minimum required is "3.5") 
[0.856s] -- Found python_cmake_module: 0.8.1 (/opt/ros/foxy/share/python_cmake_module/cmake)
[0.872s] -- Found PythonLibs: /usr/lib/x86_64-linux-gnu/libpython3.8.so (found suitable version "3.8.10", minimum required is "3.5") 
[0.872s] -- Using PYTHON_EXECUTABLE: /usr/bin/python3
[0.872s] -- Using PYTHON_INCLUDE_DIRS: /usr/include/python3.8
[0.872s] -- Using PYTHON_LIBRARIES: /usr/lib/x86_64-linux-gnu/libpython3.8.so
[0.885s] -- Found PythonExtra: .so  
[0.929s] -- Added test 'copyright' to check source files copyright and LICENSE
[0.930s] -- Added test 'lint_cmake' to check CMake code style
[0.930s] -- Added test 'xmllint' to check XML markup files
[0.934s] -- Configuring done
[0.956s] -- Generating done
[0.957s] -- Build files have been written to: /home/keti/.local/share/ov/pkg/isaac_sim-2022.2.1/ros2_workspace/build/isaac_ros2_messages
[0.961s] Invoked command in '/home/keti/.local/share/ov/pkg/isaac_sim-2022.2.1/ros2_workspace/build/isaac_ros2_messages' returned '0': CMAKE_PREFIX_PATH=${CMAKE_PREFIX_PATH}:/home/keti/.local/share/ov/pkg/isaac_sim-2022.2.1/ros2_workspace/install/isaac_ros_navigation_goal:/opt/ros/foxy /usr/bin/cmake /home/keti/.local/share/ov/pkg/isaac_sim-2022.2.1/ros2_workspace/src/isaac_ros2_messages -DAMENT_CMAKE_SYMLINK_INSTALL=1 -DCMAKE_INSTALL_PREFIX=/home/keti/.local/share/ov/pkg/isaac_sim-2022.2.1/ros2_workspace/install/isaac_ros2_messages
[0.963s] Invoking command in '/home/keti/.local/share/ov/pkg/isaac_sim-2022.2.1/ros2_workspace/build/isaac_ros2_messages': CMAKE_PREFIX_PATH=${CMAKE_PREFIX_PATH}:/home/keti/.local/share/ov/pkg/isaac_sim-2022.2.1/ros2_workspace/install/isaac_ros_navigation_goal:/opt/ros/foxy /usr/bin/cmake --build /home/keti/.local/share/ov/pkg/isaac_sim-2022.2.1/ros2_workspace/build/isaac_ros2_messages -- -j24 -l24
[0.982s] [35m[1mScanning dependencies of target isaac_ros2_messages__cpp[0m
[0.982s] [  3%] [34m[1mGenerating C code for ROS interfaces[0m
[0.987s] [  6%] [34m[1mGenerating C++ code for ROS interfaces[0m
[1.096s] [35m[1mScanning dependencies of target isaac_ros2_messages__rosidl_generator_c[0m
[1.098s] [  6%] Built target isaac_ros2_messages__cpp
[1.102s] [  9%] [32mBuilding C object CMakeFiles/isaac_ros2_messages__rosidl_generator_c.dir/rosidl_generator_c/isaac_ros2_messages/srv/detail/isaac_pose__functions.c.o[0m
[1.103s] [ 12%] [34m[1mGenerating C++ type support dispatch for ROS interfaces[0m
[1.103s] [ 16%] [34m[1mGenerating C++ introspection for ROS interfaces[0m
[1.103s] [ 19%] [34m[1mGenerating C++ type support for eProsima Fast-RTPS[0m
[1.131s] [ 22%] [32m[1mLinking C shared library libisaac_ros2_messages__rosidl_generator_c.so[0m
[1.149s] [ 22%] Built target isaac_ros2_messages__rosidl_generator_c
[1.153s] [ 29%] [34m[1mGenerating C type support dispatch for ROS interfaces[0m
[1.153s] [ 29%] [34m[1mGenerating C introspection for ROS interfaces[0m
[1.197s] [35m[1mScanning dependencies of target isaac_ros2_messages__rosidl_typesupport_cpp[0m
[1.205s] [ 32%] [32mBuilding CXX object CMakeFiles/isaac_ros2_messages__rosidl_typesupport_cpp.dir/rosidl_typesupport_cpp/isaac_ros2_messages/srv/isaac_pose__type_support.cpp.o[0m
[1.205s] [35m[1mScanning dependencies of target isaac_ros2_messages__rosidl_typesupport_introspection_cpp[0m
[1.210s] [35m[1mScanning dependencies of target isaac_ros2_messages__rosidl_typesupport_fastrtps_cpp[0m
[1.212s] [ 35%] [32mBuilding CXX object CMakeFiles/isaac_ros2_messages__rosidl_typesupport_introspection_cpp.dir/rosidl_typesupport_introspection_cpp/isaac_ros2_messages/srv/detail/isaac_pose__type_support.cpp.o[0m
[1.221s] [ 38%] [32mBuilding CXX object CMakeFiles/isaac_ros2_messages__rosidl_typesupport_fastrtps_cpp.dir/rosidl_typesupport_fastrtps_cpp/isaac_ros2_messages/srv/detail/dds_fastrtps/isaac_pose__type_support.cpp.o[0m
[1.247s] [35m[1mScanning dependencies of target isaac_ros2_messages__rosidl_typesupport_c[0m
[1.253s] [ 41%] [32mBuilding CXX object CMakeFiles/isaac_ros2_messages__rosidl_typesupport_c.dir/rosidl_typesupport_c/isaac_ros2_messages/srv/isaac_pose__type_support.cpp.o[0m
[1.259s] [35m[1mScanning dependencies of target isaac_ros2_messages__rosidl_typesupport_introspection_c[0m
[1.267s] [ 45%] [32mBuilding C object CMakeFiles/isaac_ros2_messages__rosidl_typesupport_introspection_c.dir/rosidl_typesupport_introspection_c/isaac_ros2_messages/srv/detail/isaac_pose__type_support.c.o[0m
[1.269s] [ 48%] [32m[1mLinking CXX shared library libisaac_ros2_messages__rosidl_typesupport_c.so[0m
[1.287s] [ 51%] [32m[1mLinking C shared library libisaac_ros2_messages__rosidl_typesupport_introspection_c.so[0m
[1.288s] [ 51%] Built target isaac_ros2_messages__rosidl_typesupport_c
[1.302s] [ 51%] Built target isaac_ros2_messages__rosidl_typesupport_introspection_c
[1.326s] [ 54%] [32m[1mLinking CXX shared library libisaac_ros2_messages__rosidl_typesupport_cpp.so[0m
[1.345s] [ 54%] Built target isaac_ros2_messages__rosidl_typesupport_cpp
[1.411s] [ 58%] [32m[1mLinking CXX shared library libisaac_ros2_messages__rosidl_typesupport_introspection_cpp.so[0m
[1.447s] [ 58%] Built target isaac_ros2_messages__rosidl_typesupport_introspection_cpp
[1.465s] [ 61%] [32m[1mLinking CXX shared library libisaac_ros2_messages__rosidl_typesupport_fastrtps_cpp.so[0m
[1.507s] [ 61%] Built target isaac_ros2_messages__rosidl_typesupport_fastrtps_cpp
[1.512s] [ 64%] [34m[1mGenerating C type support for eProsima Fast-RTPS[0m
[1.623s] [35m[1mScanning dependencies of target isaac_ros2_messages__rosidl_typesupport_fastrtps_c[0m
[1.632s] [ 67%] [32mBuilding CXX object CMakeFiles/isaac_ros2_messages__rosidl_typesupport_fastrtps_c.dir/rosidl_typesupport_fastrtps_c/isaac_ros2_messages/srv/detail/isaac_pose__type_support_c.cpp.o[0m
[1.791s] [ 70%] [32m[1mLinking CXX shared library libisaac_ros2_messages__rosidl_typesupport_fastrtps_c.so[0m
[1.831s] [ 70%] Built target isaac_ros2_messages__rosidl_typesupport_fastrtps_c
[1.835s] [35m[1mScanning dependencies of target isaac_ros2_messages[0m
[1.840s] [ 70%] Built target isaac_ros2_messages
[1.844s] [35m[1mScanning dependencies of target isaac_ros2_messages__py[0m
[1.851s] [ 74%] [34m[1mGenerating Python code for ROS interfaces[0m
[2.039s] [ 74%] Built target isaac_ros2_messages__py
[2.043s] [35m[1mScanning dependencies of target isaac_ros2_messages__python[0m
[2.053s] [ 77%] [32mBuilding C object CMakeFiles/isaac_ros2_messages__python.dir/rosidl_generator_py/isaac_ros2_messages/srv/_isaac_pose_s.c.o[0m
[2.108s] [ 80%] [32m[1mLinking C shared library rosidl_generator_py/isaac_ros2_messages/libisaac_ros2_messages__python.so[0m
[2.131s] [ 80%] Built target isaac_ros2_messages__python
[2.137s] [35m[1mScanning dependencies of target isaac_ros2_messages__rosidl_typesupport_c__pyext[0m
[2.137s] [35m[1mScanning dependencies of target isaac_ros2_messages__rosidl_typesupport_introspection_c__pyext[0m
[2.137s] [35m[1mScanning dependencies of target isaac_ros2_messages__rosidl_typesupport_fastrtps_c__pyext[0m
[2.145s] [ 87%] [32mBuilding C object CMakeFiles/isaac_ros2_messages__rosidl_typesupport_introspection_c__pyext.dir/rosidl_generator_py/isaac_ros2_messages/_isaac_ros2_messages_s.ep.rosidl_typesupport_introspection_c.c.o[0m
[2.145s] [ 87%] [32mBuilding C object CMakeFiles/isaac_ros2_messages__rosidl_typesupport_c__pyext.dir/rosidl_generator_py/isaac_ros2_messages/_isaac_ros2_messages_s.ep.rosidl_typesupport_c.c.o[0m
[2.145s] [ 90%] [32mBuilding C object CMakeFiles/isaac_ros2_messages__rosidl_typesupport_fastrtps_c__pyext.dir/rosidl_generator_py/isaac_ros2_messages/_isaac_ros2_messages_s.ep.rosidl_typesupport_fastrtps_c.c.o[0m
[2.182s] [100%] [32m[1mLinking C shared library rosidl_generator_py/isaac_ros2_messages/isaac_ros2_messages_s__rosidl_typesupport_introspection_c.cpython-38-x86_64-linux-gnu.so[0m
[2.182s] [100%] [32m[1mLinking C shared library rosidl_generator_py/isaac_ros2_messages/isaac_ros2_messages_s__rosidl_typesupport_c.cpython-38-x86_64-linux-gnu.so[0m
[2.182s] [100%] [32m[1mLinking CXX shared library rosidl_generator_py/isaac_ros2_messages/isaac_ros2_messages_s__rosidl_typesupport_fastrtps_c.cpython-38-x86_64-linux-gnu.so[0m
[2.200s] [100%] Built target isaac_ros2_messages__rosidl_typesupport_c__pyext
[2.200s] [100%] Built target isaac_ros2_messages__rosidl_typesupport_introspection_c__pyext
[2.213s] [100%] Built target isaac_ros2_messages__rosidl_typesupport_fastrtps_c__pyext
[2.218s] Invoked command in '/home/keti/.local/share/ov/pkg/isaac_sim-2022.2.1/ros2_workspace/build/isaac_ros2_messages' returned '0': CMAKE_PREFIX_PATH=${CMAKE_PREFIX_PATH}:/home/keti/.local/share/ov/pkg/isaac_sim-2022.2.1/ros2_workspace/install/isaac_ros_navigation_goal:/opt/ros/foxy /usr/bin/cmake --build /home/keti/.local/share/ov/pkg/isaac_sim-2022.2.1/ros2_workspace/build/isaac_ros2_messages -- -j24 -l24
[2.283s] Invoking command in '/home/keti/.local/share/ov/pkg/isaac_sim-2022.2.1/ros2_workspace/build/isaac_ros2_messages': CMAKE_PREFIX_PATH=${CMAKE_PREFIX_PATH}:/home/keti/.local/share/ov/pkg/isaac_sim-2022.2.1/ros2_workspace/install/isaac_ros_navigation_goal:/opt/ros/foxy /usr/bin/cmake --install /home/keti/.local/share/ov/pkg/isaac_sim-2022.2.1/ros2_workspace/build/isaac_ros2_messages
[2.293s] -- Install configuration: ""
[2.294s] -- Execute custom install script
[2.295s] -- Symlinking: /home/keti/.local/share/ov/pkg/isaac_sim-2022.2.1/ros2_workspace/install/isaac_ros2_messages/share/ament_index/resource_index/rosidl_interfaces/isaac_ros2_messages
[2.311s] -- Symlinking: /home/keti/.local/share/ov/pkg/isaac_sim-2022.2.1/ros2_workspace/install/isaac_ros2_messages/include/isaac_ros2_messages/msg/rosidl_generator_c__visibility_control.h
[2.323s] -- Symlinking: /home/keti/.local/share/ov/pkg/isaac_sim-2022.2.1/ros2_workspace/install/isaac_ros2_messages/include/isaac_ros2_messages/srv/detail/isaac_pose__functions.h
[2.329s] -- Symlinking: /home/keti/.local/share/ov/pkg/isaac_sim-2022.2.1/ros2_workspace/install/isaac_ros2_messages/include/isaac_ros2_messages/srv/detail/isaac_pose__struct.h
[2.334s] -- Symlinking: /home/keti/.local/share/ov/pkg/isaac_sim-2022.2.1/ros2_workspace/install/isaac_ros2_messages/include/isaac_ros2_messages/srv/detail/isaac_pose__type_support.h
[2.344s] -- Symlinking: /home/keti/.local/share/ov/pkg/isaac_sim-2022.2.1/ros2_workspace/install/isaac_ros2_messages/include/isaac_ros2_messages/srv/isaac_pose.h
[2.356s] -- Symlinking: /home/keti/.local/share/ov/pkg/isaac_sim-2022.2.1/ros2_workspace/install/isaac_ros2_messages/share/isaac_ros2_messages/environment/library_path.sh
[2.364s] -- Symlinking: /home/keti/.local/share/ov/pkg/isaac_sim-2022.2.1/ros2_workspace/install/isaac_ros2_messages/share/isaac_ros2_messages/environment/library_path.dsv
[2.377s] -- Symlinking: /home/keti/.local/share/ov/pkg/isaac_sim-2022.2.1/ros2_workspace/install/isaac_ros2_messages/include/isaac_ros2_messages/msg/rosidl_typesupport_fastrtps_c__visibility_control.h
[2.392s] -- Symlinking: /home/keti/.local/share/ov/pkg/isaac_sim-2022.2.1/ros2_workspace/install/isaac_ros2_messages/include/isaac_ros2_messages/srv/detail/isaac_pose__rosidl_typesupport_fastrtps_c.h
[2.406s] -- Symlinking: /home/keti/.local/share/ov/pkg/isaac_sim-2022.2.1/ros2_workspace/install/isaac_ros2_messages/lib/libisaac_ros2_messages__rosidl_typesupport_fastrtps_c.so
[2.413s] -- Symlinking: /home/keti/.local/share/ov/pkg/isaac_sim-2022.2.1/ros2_workspace/install/isaac_ros2_messages/include/isaac_ros2_messages/msg/rosidl_typesupport_fastrtps_cpp__visibility_control.h
[2.419s] -- Symlinking: /home/keti/.local/share/ov/pkg/isaac_sim-2022.2.1/ros2_workspace/install/isaac_ros2_messages/include/isaac_ros2_messages/srv/detail/isaac_pose__rosidl_typesupport_fastrtps_cpp.hpp
[2.425s] -- Symlinking: /home/keti/.local/share/ov/pkg/isaac_sim-2022.2.1/ros2_workspace/install/isaac_ros2_messages/lib/libisaac_ros2_messages__rosidl_typesupport_fastrtps_cpp.so
[2.430s] -- Symlinking: /home/keti/.local/share/ov/pkg/isaac_sim-2022.2.1/ros2_workspace/install/isaac_ros2_messages/include/isaac_ros2_messages/msg/rosidl_typesupport_introspection_c__visibility_control.h
[2.439s] -- Symlinking: /home/keti/.local/share/ov/pkg/isaac_sim-2022.2.1/ros2_workspace/install/isaac_ros2_messages/include/isaac_ros2_messages/srv/detail/isaac_pose__rosidl_typesupport_introspection_c.h
[2.450s] -- Symlinking: /home/keti/.local/share/ov/pkg/isaac_sim-2022.2.1/ros2_workspace/install/isaac_ros2_messages/include/isaac_ros2_messages/msg/rosidl_generator_cpp__visibility_control.hpp
[2.455s] -- Symlinking: /home/keti/.local/share/ov/pkg/isaac_sim-2022.2.1/ros2_workspace/install/isaac_ros2_messages/include/isaac_ros2_messages/srv/detail/isaac_pose__builder.hpp
[2.459s] -- Symlinking: /home/keti/.local/share/ov/pkg/isaac_sim-2022.2.1/ros2_workspace/install/isaac_ros2_messages/include/isaac_ros2_messages/srv/detail/isaac_pose__struct.hpp
[2.462s] -- Symlinking: /home/keti/.local/share/ov/pkg/isaac_sim-2022.2.1/ros2_workspace/install/isaac_ros2_messages/include/isaac_ros2_messages/srv/detail/isaac_pose__traits.hpp
[2.466s] -- Symlinking: /home/keti/.local/share/ov/pkg/isaac_sim-2022.2.1/ros2_workspace/install/isaac_ros2_messages/include/isaac_ros2_messages/srv/detail/isaac_pose__type_support.hpp
[2.470s] -- Symlinking: /home/keti/.local/share/ov/pkg/isaac_sim-2022.2.1/ros2_workspace/install/isaac_ros2_messages/include/isaac_ros2_messages/srv/isaac_pose.hpp
[2.474s] -- Symlinking: /home/keti/.local/share/ov/pkg/isaac_sim-2022.2.1/ros2_workspace/install/isaac_ros2_messages/include/isaac_ros2_messages/srv/detail/isaac_pose__rosidl_typesupport_introspection_cpp.hpp
[2.478s] -- Symlinking: /home/keti/.local/share/ov/pkg/isaac_sim-2022.2.1/ros2_workspace/install/isaac_ros2_messages/share/isaac_ros2_messages/environment/pythonpath.sh
[2.481s] -- Symlinking: /home/keti/.local/share/ov/pkg/isaac_sim-2022.2.1/ros2_workspace/install/isaac_ros2_messages/share/isaac_ros2_messages/environment/pythonpath.dsv
[2.485s] -- Symlinking: /home/keti/.local/share/ov/pkg/isaac_sim-2022.2.1/ros2_workspace/install/isaac_ros2_messages/lib/python3.8/site-packages/isaac_ros2_messages/__init__.py
[2.490s] -- Symlinking: /home/keti/.local/share/ov/pkg/isaac_sim-2022.2.1/ros2_workspace/install/isaac_ros2_messages/lib/python3.8/site-packages/isaac_ros2_messages/srv/__init__.py
[2.494s] -- Symlinking: /home/keti/.local/share/ov/pkg/isaac_sim-2022.2.1/ros2_workspace/install/isaac_ros2_messages/lib/python3.8/site-packages/isaac_ros2_messages/srv/_isaac_pose.py
[2.499s] -- Symlinking: /home/keti/.local/share/ov/pkg/isaac_sim-2022.2.1/ros2_workspace/install/isaac_ros2_messages/lib/python3.8/site-packages/isaac_ros2_messages/isaac_ros2_messages_s__rosidl_typesupport_fastrtps_c.cpython-38-x86_64-linux-gnu.so
[2.503s] -- Symlinking: /home/keti/.local/share/ov/pkg/isaac_sim-2022.2.1/ros2_workspace/install/isaac_ros2_messages/lib/python3.8/site-packages/isaac_ros2_messages/isaac_ros2_messages_s__rosidl_typesupport_introspection_c.cpython-38-x86_64-linux-gnu.so
[2.508s] -- Symlinking: /home/keti/.local/share/ov/pkg/isaac_sim-2022.2.1/ros2_workspace/install/isaac_ros2_messages/lib/python3.8/site-packages/isaac_ros2_messages/isaac_ros2_messages_s__rosidl_typesupport_c.cpython-38-x86_64-linux-gnu.so
[2.513s] -- Symlinking: /home/keti/.local/share/ov/pkg/isaac_sim-2022.2.1/ros2_workspace/install/isaac_ros2_messages/lib/libisaac_ros2_messages__python.so
[2.517s] -- Symlinking: /home/keti/.local/share/ov/pkg/isaac_sim-2022.2.1/ros2_workspace/install/isaac_ros2_messages/share/isaac_ros2_messages/srv/IsaacPose.idl
[2.523s] -- Symlinking: /home/keti/.local/share/ov/pkg/isaac_sim-2022.2.1/ros2_workspace/install/isaac_ros2_messages/share/isaac_ros2_messages/srv/IsaacPose.srv
[2.527s] -- Symlinking: /home/keti/.local/share/ov/pkg/isaac_sim-2022.2.1/ros2_workspace/install/isaac_ros2_messages/share/isaac_ros2_messages/srv/IsaacPose_Request.msg
[2.532s] -- Symlinking: /home/keti/.local/share/ov/pkg/isaac_sim-2022.2.1/ros2_workspace/install/isaac_ros2_messages/share/isaac_ros2_messages/srv/IsaacPose_Response.msg
[2.536s] -- Symlinking: /home/keti/.local/share/ov/pkg/isaac_sim-2022.2.1/ros2_workspace/install/isaac_ros2_messages/share/ament_index/resource_index/package_run_dependencies/isaac_ros2_messages
[2.541s] -- Symlinking: /home/keti/.local/share/ov/pkg/isaac_sim-2022.2.1/ros2_workspace/install/isaac_ros2_messages/share/ament_index/resource_index/parent_prefix_path/isaac_ros2_messages
[2.548s] -- Symlinking: /home/keti/.local/share/ov/pkg/isaac_sim-2022.2.1/ros2_workspace/install/isaac_ros2_messages/share/isaac_ros2_messages/environment/ament_prefix_path.sh
[2.556s] -- Symlinking: /home/keti/.local/share/ov/pkg/isaac_sim-2022.2.1/ros2_workspace/install/isaac_ros2_messages/share/isaac_ros2_messages/environment/ament_prefix_path.dsv
[2.562s] -- Symlinking: /home/keti/.local/share/ov/pkg/isaac_sim-2022.2.1/ros2_workspace/install/isaac_ros2_messages/share/isaac_ros2_messages/environment/path.sh
[2.571s] -- Symlinking: /home/keti/.local/share/ov/pkg/isaac_sim-2022.2.1/ros2_workspace/install/isaac_ros2_messages/share/isaac_ros2_messages/environment/path.dsv
[2.580s] -- Symlinking: /home/keti/.local/share/ov/pkg/isaac_sim-2022.2.1/ros2_workspace/install/isaac_ros2_messages/share/isaac_ros2_messages/local_setup.bash
[2.587s] -- Symlinking: /home/keti/.local/share/ov/pkg/isaac_sim-2022.2.1/ros2_workspace/install/isaac_ros2_messages/share/isaac_ros2_messages/local_setup.sh
[2.595s] -- Symlinking: /home/keti/.local/share/ov/pkg/isaac_sim-2022.2.1/ros2_workspace/install/isaac_ros2_messages/share/isaac_ros2_messages/local_setup.zsh
[2.602s] -- Symlinking: /home/keti/.local/share/ov/pkg/isaac_sim-2022.2.1/ros2_workspace/install/isaac_ros2_messages/share/isaac_ros2_messages/local_setup.dsv
[2.613s] -- Symlinking: /home/keti/.local/share/ov/pkg/isaac_sim-2022.2.1/ros2_workspace/install/isaac_ros2_messages/share/isaac_ros2_messages/package.dsv
[2.626s] -- Symlinking: /home/keti/.local/share/ov/pkg/isaac_sim-2022.2.1/ros2_workspace/install/isaac_ros2_messages/share/ament_index/resource_index/packages/isaac_ros2_messages
[2.636s] -- Symlinking: /home/keti/.local/share/ov/pkg/isaac_sim-2022.2.1/ros2_workspace/install/isaac_ros2_messages/share/isaac_ros2_messages/cmake/rosidl_cmake-extras.cmake
[2.644s] -- Symlinking: /home/keti/.local/share/ov/pkg/isaac_sim-2022.2.1/ros2_workspace/install/isaac_ros2_messages/share/isaac_ros2_messages/cmake/ament_cmake_export_dependencies-extras.cmake
[2.649s] -- Symlinking: /home/keti/.local/share/ov/pkg/isaac_sim-2022.2.1/ros2_workspace/install/isaac_ros2_messages/share/isaac_ros2_messages/cmake/ament_cmake_export_libraries-extras.cmake
[2.655s] -- Symlinking: /home/keti/.local/share/ov/pkg/isaac_sim-2022.2.1/ros2_workspace/install/isaac_ros2_messages/share/isaac_ros2_messages/cmake/ament_cmake_export_targets-extras.cmake
[2.660s] -- Symlinking: /home/keti/.local/share/ov/pkg/isaac_sim-2022.2.1/ros2_workspace/install/isaac_ros2_messages/share/isaac_ros2_messages/cmake/ament_cmake_export_include_directories-extras.cmake
[2.665s] -- Symlinking: /home/keti/.local/share/ov/pkg/isaac_sim-2022.2.1/ros2_workspace/install/isaac_ros2_messages/share/isaac_ros2_messages/cmake/rosidl_cmake_export_typesupport_libraries-extras.cmake
[2.670s] -- Symlinking: /home/keti/.local/share/ov/pkg/isaac_sim-2022.2.1/ros2_workspace/install/isaac_ros2_messages/share/isaac_ros2_messages/cmake/rosidl_cmake_export_typesupport_targets-extras.cmake
[2.675s] -- Symlinking: /home/keti/.local/share/ov/pkg/isaac_sim-2022.2.1/ros2_workspace/install/isaac_ros2_messages/share/isaac_ros2_messages/cmake/isaac_ros2_messagesConfig.cmake
[2.679s] -- Symlinking: /home/keti/.local/share/ov/pkg/isaac_sim-2022.2.1/ros2_workspace/install/isaac_ros2_messages/share/isaac_ros2_messages/cmake/isaac_ros2_messagesConfig-version.cmake
[2.684s] -- Symlinking: /home/keti/.local/share/ov/pkg/isaac_sim-2022.2.1/ros2_workspace/install/isaac_ros2_messages/share/isaac_ros2_messages/package.xml
[2.688s] -- Installing: /home/keti/.local/share/ov/pkg/isaac_sim-2022.2.1/ros2_workspace/install/isaac_ros2_messages/lib/libisaac_ros2_messages__rosidl_generator_c.so
[2.688s] -- Set runtime path of "/home/keti/.local/share/ov/pkg/isaac_sim-2022.2.1/ros2_workspace/install/isaac_ros2_messages/lib/libisaac_ros2_messages__rosidl_generator_c.so" to ""
[2.688s] -- Installing: /home/keti/.local/share/ov/pkg/isaac_sim-2022.2.1/ros2_workspace/install/isaac_ros2_messages/lib/libisaac_ros2_messages__rosidl_typesupport_introspection_c.so
[2.688s] -- Set runtime path of "/home/keti/.local/share/ov/pkg/isaac_sim-2022.2.1/ros2_workspace/install/isaac_ros2_messages/lib/libisaac_ros2_messages__rosidl_typesupport_introspection_c.so" to ""
[2.688s] -- Installing: /home/keti/.local/share/ov/pkg/isaac_sim-2022.2.1/ros2_workspace/install/isaac_ros2_messages/lib/libisaac_ros2_messages__rosidl_typesupport_c.so
[2.688s] -- Set runtime path of "/home/keti/.local/share/ov/pkg/isaac_sim-2022.2.1/ros2_workspace/install/isaac_ros2_messages/lib/libisaac_ros2_messages__rosidl_typesupport_c.so" to ""
[2.688s] -- Installing: /home/keti/.local/share/ov/pkg/isaac_sim-2022.2.1/ros2_workspace/install/isaac_ros2_messages/lib/libisaac_ros2_messages__rosidl_typesupport_introspection_cpp.so
[2.689s] -- Set runtime path of "/home/keti/.local/share/ov/pkg/isaac_sim-2022.2.1/ros2_workspace/install/isaac_ros2_messages/lib/libisaac_ros2_messages__rosidl_typesupport_introspection_cpp.so" to ""
[2.689s] -- Installing: /home/keti/.local/share/ov/pkg/isaac_sim-2022.2.1/ros2_workspace/install/isaac_ros2_messages/lib/libisaac_ros2_messages__rosidl_typesupport_cpp.so
[2.689s] -- Set runtime path of "/home/keti/.local/share/ov/pkg/isaac_sim-2022.2.1/ros2_workspace/install/isaac_ros2_messages/lib/libisaac_ros2_messages__rosidl_typesupport_cpp.so" to ""
[2.705s] Compiling '/home/keti/.local/share/ov/pkg/isaac_sim-2022.2.1/ros2_workspace/install/isaac_ros2_messages/lib/python3.8/site-packages/isaac_ros2_messages/__init__.py'...
[2.707s] -- Installing: /home/keti/.local/share/ov/pkg/isaac_sim-2022.2.1/ros2_workspace/install/isaac_ros2_messages/share/isaac_ros2_messages/cmake/isaac_ros2_messages__rosidl_generator_cExport.cmake
[2.707s] -- Installing: /home/keti/.local/share/ov/pkg/isaac_sim-2022.2.1/ros2_workspace/install/isaac_ros2_messages/share/isaac_ros2_messages/cmake/isaac_ros2_messages__rosidl_generator_cExport-noconfig.cmake
[2.707s] -- Installing: /home/keti/.local/share/ov/pkg/isaac_sim-2022.2.1/ros2_workspace/install/isaac_ros2_messages/share/isaac_ros2_messages/cmake/isaac_ros2_messages__rosidl_typesupport_introspection_cExport.cmake
[2.707s] -- Installing: /home/keti/.local/share/ov/pkg/isaac_sim-2022.2.1/ros2_workspace/install/isaac_ros2_messages/share/isaac_ros2_messages/cmake/isaac_ros2_messages__rosidl_typesupport_introspection_cExport-noconfig.cmake
[2.707s] -- Installing: /home/keti/.local/share/ov/pkg/isaac_sim-2022.2.1/ros2_workspace/install/isaac_ros2_messages/share/isaac_ros2_messages/cmake/isaac_ros2_messages__rosidl_typesupport_cExport.cmake
[2.707s] -- Installing: /home/keti/.local/share/ov/pkg/isaac_sim-2022.2.1/ros2_workspace/install/isaac_ros2_messages/share/isaac_ros2_messages/cmake/isaac_ros2_messages__rosidl_typesupport_cExport-noconfig.cmake
[2.707s] -- Installing: /home/keti/.local/share/ov/pkg/isaac_sim-2022.2.1/ros2_workspace/install/isaac_ros2_messages/share/isaac_ros2_messages/cmake/isaac_ros2_messages__rosidl_generator_cppExport.cmake
[2.707s] -- Installing: /home/keti/.local/share/ov/pkg/isaac_sim-2022.2.1/ros2_workspace/install/isaac_ros2_messages/share/isaac_ros2_messages/cmake/isaac_ros2_messages__rosidl_typesupport_introspection_cppExport.cmake
[2.707s] -- Installing: /home/keti/.local/share/ov/pkg/isaac_sim-2022.2.1/ros2_workspace/install/isaac_ros2_messages/share/isaac_ros2_messages/cmake/isaac_ros2_messages__rosidl_typesupport_introspection_cppExport-noconfig.cmake
[2.707s] -- Installing: /home/keti/.local/share/ov/pkg/isaac_sim-2022.2.1/ros2_workspace/install/isaac_ros2_messages/share/isaac_ros2_messages/cmake/isaac_ros2_messages__rosidl_typesupport_cppExport.cmake
[2.708s] -- Installing: /home/keti/.local/share/ov/pkg/isaac_sim-2022.2.1/ros2_workspace/install/isaac_ros2_messages/share/isaac_ros2_messages/cmake/isaac_ros2_messages__rosidl_typesupport_cppExport-noconfig.cmake
[2.711s] Invoked command in '/home/keti/.local/share/ov/pkg/isaac_sim-2022.2.1/ros2_workspace/build/isaac_ros2_messages' returned '0': CMAKE_PREFIX_PATH=${CMAKE_PREFIX_PATH}:/home/keti/.local/share/ov/pkg/isaac_sim-2022.2.1/ros2_workspace/install/isaac_ros_navigation_goal:/opt/ros/foxy /usr/bin/cmake --install /home/keti/.local/share/ov/pkg/isaac_sim-2022.2.1/ros2_workspace/build/isaac_ros2_messages
