running develop
running egg_info
creating isaac_ros_navigation_goal.egg-info
writing isaac_ros_navigation_goal.egg-info/PKG-INFO
writing dependency_links to isaac_ros_navigation_goal.egg-info/dependency_links.txt
writing entry points to isaac_ros_navigation_goal.egg-info/entry_points.txt
writing requirements to isaac_ros_navigation_goal.egg-info/requires.txt
writing top-level names to isaac_ros_navigation_goal.egg-info/top_level.txt
writing manifest file 'isaac_ros_navigation_goal.egg-info/SOURCES.txt'
reading manifest file 'isaac_ros_navigation_goal.egg-info/SOURCES.txt'
writing manifest file 'isaac_ros_navigation_goal.egg-info/SOURCES.txt'
running build_ext
Creating /home/keti/.local/share/ov/pkg/isaac_sim-2022.2.1/ros2_workspace/install/isaac_ros_navigation_goal/lib/python3.8/site-packages/site.py
Creating /home/keti/.local/share/ov/pkg/isaac_sim-2022.2.1/ros2_workspace/install/isaac_ros_navigation_goal/lib/python3.8/site-packages/isaac-ros-navigation-goal.egg-link (link to .)
Installing SetNavigationGoal script to /home/keti/.local/share/ov/pkg/isaac_sim-2022.2.1/ros2_workspace/install/isaac_ros_navigation_goal/lib/isaac_ros_navigation_goal

Installed /home/keti/.local/share/ov/pkg/isaac_sim-2022.2.1/ros2_workspace/build/isaac_ros_navigation_goal
running install_data
creating /home/keti/.local/share/ov/pkg/isaac_sim-2022.2.1/ros2_workspace/install/isaac_ros_navigation_goal/share/ament_index
creating /home/keti/.local/share/ov/pkg/isaac_sim-2022.2.1/ros2_workspace/install/isaac_ros_navigation_goal/share/ament_index/resource_index
creating /home/keti/.local/share/ov/pkg/isaac_sim-2022.2.1/ros2_workspace/install/isaac_ros_navigation_goal/share/ament_index/resource_index/packages
copying resource/isaac_ros_navigation_goal -> /home/keti/.local/share/ov/pkg/isaac_sim-2022.2.1/ros2_workspace/install/isaac_ros_navigation_goal/share/ament_index/resource_index/packages
copying package.xml -> /home/keti/.local/share/ov/pkg/isaac_sim-2022.2.1/ros2_workspace/install/isaac_ros_navigation_goal/share/isaac_ros_navigation_goal
creating /home/keti/.local/share/ov/pkg/isaac_sim-2022.2.1/ros2_workspace/install/isaac_ros_navigation_goal/share/isaac_ros_navigation_goal/launch
copying launch/isaac_ros_navigation_goal.launch.py -> /home/keti/.local/share/ov/pkg/isaac_sim-2022.2.1/ros2_workspace/install/isaac_ros_navigation_goal/share/isaac_ros_navigation_goal/launch
creating /home/keti/.local/share/ov/pkg/isaac_sim-2022.2.1/ros2_workspace/install/isaac_ros_navigation_goal/share/isaac_ros_navigation_goal/assets
copying assets/carter_warehouse_navigation.png -> /home/keti/.local/share/ov/pkg/isaac_sim-2022.2.1/ros2_workspace/install/isaac_ros_navigation_goal/share/isaac_ros_navigation_goal/assets
copying assets/goals.txt -> /home/keti/.local/share/ov/pkg/isaac_sim-2022.2.1/ros2_workspace/install/isaac_ros_navigation_goal/share/isaac_ros_navigation_goal/assets
copying assets/carter_warehouse_navigation.yaml -> /home/keti/.local/share/ov/pkg/isaac_sim-2022.2.1/ros2_workspace/install/isaac_ros_navigation_goal/share/isaac_ros_navigation_goal/assets
